{"meta": {"format": 3, "version": "7.10.7", "timestamp": "2025-10-13T22:56:28.370101", "branch_coverage": true, "show_contexts": false}, "files": {"src/__init__.py": {"executed_lines": [], "summary": {"covered_lines": 0, "num_statements": 0, "percent_covered": 100.0, "percent_covered_display": "100.0", "missing_lines": 0, "excluded_lines": 0, "num_branches": 0, "num_partial_branches": 0, "covered_branches": 0, "missing_branches": 0}, "missing_lines": [], "excluded_lines": [], "executed_branches": [], "missing_branches": [], "functions": {"": {"executed_lines": [], "summary": {"covered_lines": 0, "num_statements": 0, "percent_covered": 100.0, "percent_covered_display": "100.0", "missing_lines": 0, "excluded_lines": 0, "num_branches": 0, "num_partial_branches": 0, "covered_branches": 0, "missing_branches": 0}, "missing_lines": [], "excluded_lines": [], "executed_branches": [], "missing_branches": []}}, "classes": {"": {"executed_lines": [], "summary": {"covered_lines": 0, "num_statements": 0, "percent_covered": 100.0, "percent_covered_display": "100.0", "missing_lines": 0, "excluded_lines": 0, "num_branches": 0, "num_partial_branches": 0, "covered_branches": 0, "missing_branches": 0}, "missing_lines": [], "excluded_lines": [], "executed_branches": [], "missing_branches": []}}}, "src/rapid7/__init__.py": {"executed_lines": [1, 25, 26, 28, 29], "summary": {"covered_lines": 4, "num_statements": 4, "percent_covered": 100.0, "percent_covered_display": "100.0", "missing_lines": 0, "excluded_lines": 0, "num_branches": 0, "num_partial_branches": 0, "covered_branches": 0, "missing_branches": 0}, "missing_lines": [], "excluded_lines": [], "executed_branches": [], "missing_branches": [], "functions": {"": {"executed_lines": [1, 25, 26, 28, 29], "summary": {"covered_lines": 4, "num_statements": 4, "percent_covered": 100.0, "percent_covered_display": "100.0", "missing_lines": 0, "excluded_lines": 0, "num_branches": 0, "num_partial_branches": 0, "covered_branches": 0, "missing_branches": 0}, "missing_lines": [], "excluded_lines": [], "executed_branches": [], "missing_branches": []}}, "classes": {"": {"executed_lines": [1, 25, 26, 28, 29], "summary": {"covered_lines": 4, "num_statements": 4, "percent_covered": 100.0, "percent_covered_display": "100.0", "missing_lines": 0, "excluded_lines": 0, "num_branches": 0, "num_partial_branches": 0, "covered_branches": 0, "missing_branches": 0}, "missing_lines": [], "excluded_lines": [], "executed_branches": [], "missing_branches": []}}}, "src/rapid7/api/__init__.py": {"executed_lines": [1, 8, 9, 10, 12], "summary": {"covered_lines": 4, "num_statements": 4, "percent_covered": 100.0, "percent_covered_display": "100.0", "missing_lines": 0, "excluded_lines": 0, "num_branches": 0, "num_partial_branches": 0, "covered_branches": 0, "missing_branches": 0}, "missing_lines": [], "excluded_lines": [], "executed_branches": [], "missing_branches": [], "functions": {"": {"executed_lines": [1, 8, 9, 10, 12], "summary": {"covered_lines": 4, "num_statements": 4, "percent_covered": 100.0, "percent_covered_display": "100.0", "missing_lines": 0, "excluded_lines": 0, "num_branches": 0, "num_partial_branches": 0, "covered_branches": 0, "missing_branches": 0}, "missing_lines": [], "excluded_lines": [], "executed_branches": [], "missing_branches": []}}, "classes": {"": {"executed_lines": [1, 8, 9, 10, 12], "summary": {"covered_lines": 4, "num_statements": 4, "percent_covered": 100.0, "percent_covered_display": "100.0", "missing_lines": 0, "excluded_lines": 0, "num_branches": 0, "num_partial_branches": 0, "covered_branches": 0, "missing_branches": 0}, "missing_lines": [], "excluded_lines": [], "executed_branches": [], "missing_branches": []}}}, "src/rapid7/api/asset_groups.py": {"executed_lines": [1, 8, 9, 12, 13, 47, 62, 79, 127, 174, 220, 232, 258, 277, 292], "summary": {"covered_lines": 13, "num_statements": 49, "percent_covered": 20.634920634920636, "percent_covered_display": "20.6", "missing_lines": 36, "excluded_lines": 0, "num_branches": 14, "num_partial_branches": 0, "covered_branches": 0, "missing_branches": 14}, "missing_lines": [59, 60, 76, 77, 113, 118, 119, 121, 122, 124, 125, 153, 154, 159, 168, 200, 202, 207, 208, 209, 210, 212, 213, 214, 215, 217, 218, 230, 254, 255, 256, 274, 275, 290, 305, 306], "excluded_lines": [], "executed_branches": [], "missing_branches": [[118, 119], [118, 121], [121, 122], [121, 124], [153, 154], [153, 159], [207, 208], [207, 209], [209, 210], [209, 212], [212, 213], [212, 214], [214, 215], [214, 217]], "functions": {"AssetGroupAPI.list": {"executed_lines": [], "summary": {"covered_lines": 0, "num_statements": 2, "percent_covered": 0.0, "percent_covered_display": "0.0", "missing_lines": 2, "excluded_lines": 0, "num_branches": 0, "num_partial_branches": 0, "covered_branches": 0, "missing_branches": 0}, "missing_lines": [59, 60], "excluded_lines": [], "executed_branches": [], "missing_branches": []}, "AssetGroupAPI.get_group": {"executed_lines": [], "summary": {"covered_lines": 0, "num_statements": 2, "percent_covered": 0.0, "percent_covered_display": "0.0", "missing_lines": 2, "excluded_lines": 0, "num_branches": 0, "num_partial_branches": 0, "covered_branches": 0, "missing_branches": 0}, "missing_lines": [76, 77], "excluded_lines": [], "executed_branches": [], "missing_branches": []}, "AssetGroupAPI.create": {"executed_lines": [], "summary": {"covered_lines": 0, "num_statements": 7, "percent_covered": 0.0, "percent_covered_display": "0.0", "missing_lines": 7, "excluded_lines": 0, "num_branches": 4, "num_partial_branches": 0, "covered_branches": 0, "missing_branches": 4}, "missing_lines": [113, 118, 119, 121, 122, 124, 125], "excluded_lines": [], "executed_branches": [], "missing_branches": [[118, 119], [118, 121], [121, 122], [121, 124]]}, "AssetGroupAPI.create_high_risk": {"executed_lines": [], "summary": {"covered_lines": 0, "num_statements": 4, "percent_covered": 0.0, "percent_covered_display": "0.0", "missing_lines": 4, "excluded_lines": 0, "num_branches": 2, "num_partial_branches": 0, "covered_branches": 0, "missing_branches": 2}, "missing_lines": [153, 154, 159, 168], "excluded_lines": [], "executed_branches": [], "missing_branches": [[153, 154], [153, 159]]}, "AssetGroupAPI.update": {"executed_lines": [], "summary": {"covered_lines": 0, "num_statements": 12, "percent_covered": 0.0, "percent_covered_display": "0.0", "missing_lines": 12, "excluded_lines": 0, "num_branches": 8, "num_partial_branches": 0, "covered_branches": 0, "missing_branches": 8}, "missing_lines": [200, 202, 207, 208, 209, 210, 212, 213, 214, 215, 217, 218], "excluded_lines": [], "executed_branches": [], "missing_branches": [[207, 208], [207, 209], [209, 210], [209, 212], [212, 213], [212, 214], [214, 215], [214, 217]]}, "AssetGroupAPI.delete_group": {"executed_lines": [], "summary": {"covered_lines": 0, "num_statements": 1, "percent_covered": 0.0, "percent_covered_display": "0.0", "missing_lines": 1, "excluded_lines": 0, "num_branches": 0, "num_partial_branches": 0, "covered_branches": 0, "missing_branches": 0}, "missing_lines": [230], "excluded_lines": [], "executed_branches": [], "missing_branches": []}, "AssetGroupAPI.get_assets": {"executed_lines": [], "summary": {"covered_lines": 0, "num_statements": 3, "percent_covered": 0.0, "percent_covered_display": "0.0", "missing_lines": 3, "excluded_lines": 0, "num_branches": 0, "num_partial_branches": 0, "covered_branches": 0, "missing_branches": 0}, "missing_lines": [254, 255, 256], "excluded_lines": [], "executed_branches": [], "missing_branches": []}, "AssetGroupAPI.add_asset": {"executed_lines": [], "summary": {"covered_lines": 0, "num_statements": 2, "percent_covered": 0.0, "percent_covered_display": "0.0", "missing_lines": 2, "excluded_lines": 0, "num_branches": 0, "num_partial_branches": 0, "covered_branches": 0, "missing_branches": 0}, "missing_lines": [274, 275], "excluded_lines": [], "executed_branches": [], "missing_branches": []}, "AssetGroupAPI.remove_asset": {"executed_lines": [], "summary": {"covered_lines": 0, "num_statements": 1, "percent_covered": 0.0, "percent_covered_display": "0.0", "missing_lines": 1, "excluded_lines": 0, "num_branches": 0, "num_partial_branches": 0, "covered_branches": 0, "missing_branches": 0}, "missing_lines": [290], "excluded_lines": [], "executed_branches": [], "missing_branches": []}, "AssetGroupAPI.search_tags": {"executed_lines": [], "summary": {"covered_lines": 0, "num_statements": 2, "percent_covered": 0.0, "percent_covered_display": "0.0", "missing_lines": 2, "excluded_lines": 0, "num_branches": 0, "num_partial_branches": 0, "covered_branches": 0, "missing_branches": 0}, "missing_lines": [305, 306], "excluded_lines": [], "executed_branches": [], "missing_branches": []}, "": {"executed_lines": [1, 8, 9, 12, 13, 47, 62, 79, 127, 174, 220, 232, 258, 277, 292], "summary": {"covered_lines": 13, "num_statements": 13, "percent_covered": 100.0, "percent_covered_display": "100.0", "missing_lines": 0, "excluded_lines": 0, "num_branches": 0, "num_partial_branches": 0, "covered_branches": 0, "missing_branches": 0}, "missing_lines": [], "excluded_lines": [], "executed_branches": [], "missing_branches": []}}, "classes": {"AssetGroupAPI": {"executed_lines": [], "summary": {"covered_lines": 0, "num_statements": 36, "percent_covered": 0.0, "percent_covered_display": "0.0", "missing_lines": 36, "excluded_lines": 0, "num_branches": 14, "num_partial_branches": 0, "covered_branches": 0, "missing_branches": 14}, "missing_lines": [59, 60, 76, 77, 113, 118, 119, 121, 122, 124, 125, 153, 154, 159, 168, 200, 202, 207, 208, 209, 210, 212, 213, 214, 215, 217, 218, 230, 254, 255, 256, 274, 275, 290, 305, 306], "excluded_lines": [], "executed_branches": [], "missing_branches": [[118, 119], [118, 121], [121, 122], [121, 124], [153, 154], [153, 159], [207, 208], [207, 209], [209, 210], [209, 212], [212, 213], [212, 214], [214, 215], [214, 217]]}, "": {"executed_lines": [1, 8, 9, 12, 13, 47, 62, 79, 127, 174, 220, 232, 258, 277, 292], "summary": {"covered_lines": 13, "num_statements": 13, "percent_covered": 100.0, "percent_covered_display": "100.0", "missing_lines": 0, "excluded_lines": 0, "num_branches": 0, "num_partial_branches": 0, "covered_branches": 0, "missing_branches": 0}, "missing_lines": [], "excluded_lines": [], "executed_branches": [], "missing_branches": []}}}, "src/rapid7/api/assets.py": {"executed_lines": [1, 8, 9, 12, 13, 46, 70, 75, 78, 81, 82, 84, 98, 99, 101, 121, 122, 124, 142, 143, 145, 146, 147, 149, 152, 155, 156, 158, 159, 161, 163, 165, 191, 213, 214, 215, 217, 232, 233, 235, 252], "summary": {"covered_lines": 39, "num_statements": 48, "percent_covered": 78.57142857142857, "percent_covered_display": "78.6", "missing_lines": 9, "excluded_lines": 0, "num_branches": 8, "num_partial_branches": 3, "covered_branches": 5, "missing_branches": 3}, "missing_lines": [76, 79, 150, 187, 188, 189, 249, 250, 263], "excluded_lines": [], "executed_branches": [[75, 78], [78, 81], [149, 152], [158, 159], [158, 161]], "missing_branches": [[75, 76], [78, 79], [149, 150]], "functions": {"AssetAPI.list": {"executed_lines": [70, 75, 78, 81, 82], "summary": {"covered_lines": 5, "num_statements": 7, "percent_covered": 63.63636363636363, "percent_covered_display": "63.6", "missing_lines": 2, "excluded_lines": 0, "num_branches": 4, "num_partial_branches": 2, "covered_branches": 2, "missing_branches": 2}, "missing_lines": [76, 79], "excluded_lines": [], "executed_branches": [[75, 78], [78, 81]], "missing_branches": [[75, 76], [78, 79]]}, "AssetAPI.get_asset": {"executed_lines": [98, 99], "summary": {"covered_lines": 2, "num_statements": 2, "percent_covered": 100.0, "percent_covered_display": "100.0", "missing_lines": 0, "excluded_lines": 0, "num_branches": 0, "num_partial_branches": 0, "covered_branches": 0, "missing_branches": 0}, "missing_lines": [], "excluded_lines": [], "executed_branches": [], "missing_branches": []}, "AssetAPI.search": {"executed_lines": [121, 122], "summary": {"covered_lines": 2, "num_statements": 2, "percent_covered": 100.0, "percent_covered_display": "100.0", "missing_lines": 0, "excluded_lines": 0, "num_branches": 0, "num_partial_branches": 0, "covered_branches": 0, "missing_branches": 0}, "missing_lines": [], "excluded_lines": [], "executed_branches": [], "missing_branches": []}, "AssetAPI.get_all": {"executed_lines": [142, 143, 145, 146, 147, 149, 152, 155, 156, 158, 159, 161, 163], "summary": {"covered_lines": 13, "num_statements": 14, "percent_covered": 88.88888888888889, "percent_covered_display": "88.9", "missing_lines": 1, "excluded_lines": 0, "num_branches": 4, "num_partial_branches": 1, "covered_branches": 3, "missing_branches": 1}, "missing_lines": [150], "excluded_lines": [], "executed_branches": [[149, 152], [158, 159], [158, 161]], "missing_branches": [[149, 150]]}, "AssetAPI.get_vulnerabilities": {"executed_lines": [], "summary": {"covered_lines": 0, "num_statements": 3, "percent_covered": 0.0, "percent_covered_display": "0.0", "missing_lines": 3, "excluded_lines": 0, "num_branches": 0, "num_partial_branches": 0, "covered_branches": 0, "missing_branches": 0}, "missing_lines": [187, 188, 189], "excluded_lines": [], "executed_branches": [], "missing_branches": []}, "AssetAPI.get_software": {"executed_lines": [213, 214, 215], "summary": {"covered_lines": 3, "num_statements": 3, "percent_covered": 100.0, "percent_covered_display": "100.0", "missing_lines": 0, "excluded_lines": 0, "num_branches": 0, "num_partial_branches": 0, "covered_branches": 0, "missing_branches": 0}, "missing_lines": [], "excluded_lines": [], "executed_branches": [], "missing_branches": []}, "AssetAPI.get_tags": {"executed_lines": [232, 233], "summary": {"covered_lines": 2, "num_statements": 2, "percent_covered": 100.0, "percent_covered_display": "100.0", "missing_lines": 0, "excluded_lines": 0, "num_branches": 0, "num_partial_branches": 0, "covered_branches": 0, "missing_branches": 0}, "missing_lines": [], "excluded_lines": [], "executed_branches": [], "missing_branches": []}, "AssetAPI.add_tag": {"executed_lines": [], "summary": {"covered_lines": 0, "num_statements": 2, "percent_covered": 0.0, "percent_covered_display": "0.0", "missing_lines": 2, "excluded_lines": 0, "num_branches": 0, "num_partial_branches": 0, "covered_branches": 0, "missing_branches": 0}, "missing_lines": [249, 250], "excluded_lines": [], "executed_branches": [], "missing_branches": []}, "AssetAPI.remove_tag": {"executed_lines": [], "summary": {"covered_lines": 0, "num_statements": 1, "percent_covered": 0.0, "percent_covered_display": "0.0", "missing_lines": 1, "excluded_lines": 0, "num_branches": 0, "num_partial_branches": 0, "covered_branches": 0, "missing_branches": 0}, "missing_lines": [263], "excluded_lines": [], "executed_branches": [], "missing_branches": []}, "": {"executed_lines": [1, 8, 9, 12, 13, 46, 84, 101, 124, 165, 191, 217, 235, 252], "summary": {"covered_lines": 12, "num_statements": 12, "percent_covered": 100.0, "percent_covered_display": "100.0", "missing_lines": 0, "excluded_lines": 0, "num_branches": 0, "num_partial_branches": 0, "covered_branches": 0, "missing_branches": 0}, "missing_lines": [], "excluded_lines": [], "executed_branches": [], "missing_branches": []}}, "classes": {"AssetAPI": {"executed_lines": [70, 75, 78, 81, 82, 98, 99, 121, 122, 142, 143, 145, 146, 147, 149, 152, 155, 156, 158, 159, 161, 163, 213, 214, 215, 232, 233], "summary": {"covered_lines": 27, "num_statements": 36, "percent_covered": 72.72727272727273, "percent_covered_display": "72.7", "missing_lines": 9, "excluded_lines": 0, "num_branches": 8, "num_partial_branches": 3, "covered_branches": 5, "missing_branches": 3}, "missing_lines": [76, 79, 150, 187, 188, 189, 249, 250, 263], "excluded_lines": [], "executed_branches": [[75, 78], [78, 81], [149, 152], [158, 159], [158, 161]], "missing_branches": [[75, 76], [78, 79], [149, 150]]}, "": {"executed_lines": [1, 8, 9, 12, 13, 46, 84, 101, 124, 165, 191, 217, 235, 252], "summary": {"covered_lines": 12, "num_statements": 12, "percent_covered": 100.0, "percent_covered_display": "100.0", "missing_lines": 0, "excluded_lines": 0, "num_branches": 0, "num_partial_branches": 0, "covered_branches": 0, "missing_branches": 0}, "missing_lines": [], "excluded_lines": [], "executed_branches": [], "missing_branches": []}}}, "src/rapid7/api/base.py": {"executed_lines": [1, 8, 9, 10, 11, 12, 16, 19, 20, 40, 54, 55, 56, 59, 60, 61, 63, 66, 67, 69, 80, 81, 83, 125, 128, 129, 130, 132, 133, 134, 135, 136, 137, 139, 140, 141, 144, 145, 148, 150, 151, 152, 154, 174, 178, 198, 202, 222, 226, 244], "summary": {"covered_lines": 48, "num_statements": 48, "percent_covered": 100.0, "percent_covered_display": "100.0", "missing_lines": 0, "excluded_lines": 0, "num_branches": 12, "num_partial_branches": 0, "covered_branches": 12, "missing_branches": 0}, "missing_lines": [], "excluded_lines": [], "executed_branches": [[59, 60], [59, 63], [66, -40], [66, 67], [132, 133], [132, 134], [134, 135], [134, 136], [136, 137], [136, 139], [144, 145], [144, 148]], "missing_branches": [], "functions": {"BaseAPI.__init__": {"executed_lines": [54, 55, 56, 59, 60, 61, 63, 66, 67], "summary": {"covered_lines": 9, "num_statements": 9, "percent_covered": 100.0, "percent_covered_display": "100.0", "missing_lines": 0, "excluded_lines": 0, "num_branches": 4, "num_partial_branches": 0, "covered_branches": 4, "missing_branches": 0}, "missing_lines": [], "excluded_lines": [], "executed_branches": [[59, 60], [59, 63], [66, -40], [66, 67]], "missing_branches": []}, "BaseAPI._build_url": {"executed_lines": [80, 81], "summary": {"covered_lines": 2, "num_statements": 2, "percent_covered": 100.0, "percent_covered_display": "100.0", "missing_lines": 0, "excluded_lines": 0, "num_branches": 0, "num_partial_branches": 0, "covered_branches": 0, "missing_branches": 0}, "missing_lines": [], "excluded_lines": [], "executed_branches": [], "missing_branches": []}, "BaseAPI._request": {"executed_lines": [125, 128, 129, 130, 132, 133, 134, 135, 136, 137, 139, 140, 141, 144, 145, 148, 150, 151, 152], "summary": {"covered_lines": 19, "num_statements": 19, "percent_covered": 100.0, "percent_covered_display": "100.0", "missing_lines": 0, "excluded_lines": 0, "num_branches": 8, "num_partial_branches": 0, "covered_branches": 8, "missing_branches": 0}, "missing_lines": [], "excluded_lines": [], "executed_branches": [[132, 133], [132, 134], [134, 135], [134, 136], [136, 137], [136, 139], [144, 145], [144, 148]], "missing_branches": []}, "BaseAPI.get": {"executed_lines": [174], "summary": {"covered_lines": 1, "num_statements": 1, "percent_covered": 100.0, "percent_covered_display": "100.0", "missing_lines": 0, "excluded_lines": 0, "num_branches": 0, "num_partial_branches": 0, "covered_branches": 0, "missing_branches": 0}, "missing_lines": [], "excluded_lines": [], "executed_branches": [], "missing_branches": []}, "BaseAPI.post": {"executed_lines": [198], "summary": {"covered_lines": 1, "num_statements": 1, "percent_covered": 100.0, "percent_covered_display": "100.0", "missing_lines": 0, "excluded_lines": 0, "num_branches": 0, "num_partial_branches": 0, "covered_branches": 0, "missing_branches": 0}, "missing_lines": [], "excluded_lines": [], "executed_branches": [], "missing_branches": []}, "BaseAPI.put": {"executed_lines": [222], "summary": {"covered_lines": 1, "num_statements": 1, "percent_covered": 100.0, "percent_covered_display": "100.0", "missing_lines": 0, "excluded_lines": 0, "num_branches": 0, "num_partial_branches": 0, "covered_branches": 0, "missing_branches": 0}, "missing_lines": [], "excluded_lines": [], "executed_branches": [], "missing_branches": []}, "BaseAPI.delete": {"executed_lines": [244], "summary": {"covered_lines": 1, "num_statements": 1, "percent_covered": 100.0, "percent_covered_display": "100.0", "missing_lines": 0, "excluded_lines": 0, "num_branches": 0, "num_partial_branches": 0, "covered_branches": 0, "missing_branches": 0}, "missing_lines": [], "excluded_lines": [], "executed_branches": [], "missing_branches": []}, "": {"executed_lines": [1, 8, 9, 10, 11, 12, 16, 19, 20, 40, 69, 83, 154, 178, 202, 226], "summary": {"covered_lines": 14, "num_statements": 14, "percent_covered": 100.0, "percent_covered_display": "100.0", "missing_lines": 0, "excluded_lines": 0, "num_branches": 0, "num_partial_branches": 0, "covered_branches": 0, "missing_branches": 0}, "missing_lines": [], "excluded_lines": [], "executed_branches": [], "missing_branches": []}}, "classes": {"BaseAPI": {"executed_lines": [54, 55, 56, 59, 60, 61, 63, 66, 67, 80, 81, 125, 128, 129, 130, 132, 133, 134, 135, 136, 137, 139, 140, 141, 144, 145, 148, 150, 151, 152, 174, 198, 222, 244], "summary": {"covered_lines": 34, "num_statements": 34, "percent_covered": 100.0, "percent_covered_display": "100.0", "missing_lines": 0, "excluded_lines": 0, "num_branches": 12, "num_partial_branches": 0, "covered_branches": 12, "missing_branches": 0}, "missing_lines": [], "excluded_lines": [], "executed_branches": [[59, 60], [59, 63], [66, -40], [66, 67], [132, 133], [132, 134], [134, 135], [134, 136], [136, 137], [136, 139], [144, 145], [144, 148]], "missing_branches": []}, "": {"executed_lines": [1, 8, 9, 10, 11, 12, 16, 19, 20, 40, 69, 83, 154, 178, 202, 226], "summary": {"covered_lines": 14, "num_statements": 14, "percent_covered": 100.0, "percent_covered_display": "100.0", "missing_lines": 0, "excluded_lines": 0, "num_branches": 0, "num_partial_branches": 0, "covered_branches": 0, "missing_branches": 0}, "missing_lines": [], "excluded_lines": [], "executed_branches": [], "missing_branches": []}}}, "src/rapid7/api/reports.py": {"executed_lines": [1, 26, 27, 29, 32, 33, 46, 50, 75, 77, 78, 80, 82, 100, 133, 158, 175, 194, 212, 239, 262, 293, 309, 328, 346, 404, 422, 449, 480], "summary": {"covered_lines": 27, "num_statements": 79, "percent_covered": 29.473684210526315, "percent_covered_display": "29.5", "missing_lines": 52, "excluded_lines": 0, "num_branches": 16, "num_partial_branches": 1, "covered_branches": 1, "missing_branches": 15}, "missing_lines": [79, 98, 131, 155, 171, 189, 190, 210, 234, 257, 284, 289, 307, 326, 342, 381, 382, 383, 384, 386, 387, 388, 389, 395, 396, 397, 398, 402, 419, 420, 437, 438, 439, 440, 442, 447, 466, 467, 468, 469, 470, 471, 472, 473, 474, 475, 476, 477, 478, 508, 509, 515], "excluded_lines": [], "executed_branches": [[78, 80]], "missing_branches": [[78, 79], [386, 387], [386, 388], [388, 389], [388, 395], [395, 396], [395, 402], [397, 398], [397, 402], [439, 440], [439, 442], [471, 472], [471, 473], [475, 476], [475, 477]], "functions": {"ReportsAPI.list": {"executed_lines": [75, 77, 78, 80], "summary": {"covered_lines": 4, "num_statements": 5, "percent_covered": 71.42857142857143, "percent_covered_display": "71.4", "missing_lines": 1, "excluded_lines": 0, "num_branches": 2, "num_partial_branches": 1, "covered_branches": 1, "missing_branches": 1}, "missing_lines": [79], "excluded_lines": [], "executed_branches": [[78, 80]], "missing_branches": [[78, 79]]}, "ReportsAPI.get_report": {"executed_lines": [], "summary": {"covered_lines": 0, "num_statements": 1, "percent_covered": 0.0, "percent_covered_display": "0.0", "missing_lines": 1, "excluded_lines": 0, "num_branches": 0, "num_partial_branches": 0, "covered_branches": 0, "missing_branches": 0}, "missing_lines": [98], "excluded_lines": [], "executed_branches": [], "missing_branches": []}, "ReportsAPI.create": {"executed_lines": [], "summary": {"covered_lines": 0, "num_statements": 1, "percent_covered": 0.0, "percent_covered_display": "0.0", "missing_lines": 1, "excluded_lines": 0, "num_branches": 0, "num_partial_branches": 0, "covered_branches": 0, "missing_branches": 0}, "missing_lines": [131], "excluded_lines": [], "executed_branches": [], "missing_branches": []}, "ReportsAPI.update": {"executed_lines": [], "summary": {"covered_lines": 0, "num_statements": 1, "percent_covered": 0.0, "percent_covered_display": "0.0", "missing_lines": 1, "excluded_lines": 0, "num_branches": 0, "num_partial_branches": 0, "covered_branches": 0, "missing_branches": 0}, "missing_lines": [155], "excluded_lines": [], "executed_branches": [], "missing_branches": []}, "ReportsAPI.delete_report": {"executed_lines": [], "summary": {"covered_lines": 0, "num_statements": 1, "percent_covered": 0.0, "percent_covered_display": "0.0", "missing_lines": 1, "excluded_lines": 0, "num_branches": 0, "num_partial_branches": 0, "covered_branches": 0, "missing_branches": 0}, "missing_lines": [171], "excluded_lines": [], "executed_branches": [], "missing_branches": []}, "ReportsAPI.generate": {"executed_lines": [], "summary": {"covered_lines": 0, "num_statements": 2, "percent_covered": 0.0, "percent_covered_display": "0.0", "missing_lines": 2, "excluded_lines": 0, "num_branches": 0, "num_partial_branches": 0, "covered_branches": 0, "missing_branches": 0}, "missing_lines": [189, 190], "excluded_lines": [], "executed_branches": [], "missing_branches": []}, "ReportsAPI.get_history": {"executed_lines": [], "summary": {"covered_lines": 0, "num_statements": 1, "percent_covered": 0.0, "percent_covered_display": "0.0", "missing_lines": 1, "excluded_lines": 0, "num_branches": 0, "num_partial_branches": 0, "covered_branches": 0, "missing_branches": 0}, "missing_lines": [210], "excluded_lines": [], "executed_branches": [], "missing_branches": []}, "ReportsAPI.get_instance": {"executed_lines": [], "summary": {"covered_lines": 0, "num_statements": 1, "percent_covered": 0.0, "percent_covered_display": "0.0", "missing_lines": 1, "excluded_lines": 0, "num_branches": 0, "num_partial_branches": 0, "covered_branches": 0, "missing_branches": 0}, "missing_lines": [234], "excluded_lines": [], "executed_branches": [], "missing_branches": []}, "ReportsAPI.delete_instance": {"executed_lines": [], "summary": {"covered_lines": 0, "num_statements": 1, "percent_covered": 0.0, "percent_covered_display": "0.0", "missing_lines": 1, "excluded_lines": 0, "num_branches": 0, "num_partial_branches": 0, "covered_branches": 0, "missing_branches": 0}, "missing_lines": [257], "excluded_lines": [], "executed_branches": [], "missing_branches": []}, "ReportsAPI.download": {"executed_lines": [], "summary": {"covered_lines": 0, "num_statements": 2, "percent_covered": 0.0, "percent_covered_display": "0.0", "missing_lines": 2, "excluded_lines": 0, "num_branches": 0, "num_partial_branches": 0, "covered_branches": 0, "missing_branches": 0}, "missing_lines": [284, 289], "excluded_lines": [], "executed_branches": [], "missing_branches": []}, "ReportsAPI.get_templates": {"executed_lines": [], "summary": {"covered_lines": 0, "num_statements": 1, "percent_covered": 0.0, "percent_covered_display": "0.0", "missing_lines": 1, "excluded_lines": 0, "num_branches": 0, "num_partial_branches": 0, "covered_branches": 0, "missing_branches": 0}, "missing_lines": [307], "excluded_lines": [], "executed_branches": [], "missing_branches": []}, "ReportsAPI.get_template": {"executed_lines": [], "summary": {"covered_lines": 0, "num_statements": 1, "percent_covered": 0.0, "percent_covered_display": "0.0", "missing_lines": 1, "excluded_lines": 0, "num_branches": 0, "num_partial_branches": 0, "covered_branches": 0, "missing_branches": 0}, "missing_lines": [326], "excluded_lines": [], "executed_branches": [], "missing_branches": []}, "ReportsAPI.get_formats": {"executed_lines": [], "summary": {"covered_lines": 0, "num_statements": 1, "percent_covered": 0.0, "percent_covered_display": "0.0", "missing_lines": 1, "excluded_lines": 0, "num_branches": 0, "num_partial_branches": 0, "covered_branches": 0, "missing_branches": 0}, "missing_lines": [342], "excluded_lines": [], "executed_branches": [], "missing_branches": []}, "ReportsAPI.wait_for_completion": {"executed_lines": [], "summary": {"covered_lines": 0, "num_statements": 13, "percent_covered": 0.0, "percent_covered_display": "0.0", "missing_lines": 13, "excluded_lines": 0, "num_branches": 8, "num_partial_branches": 0, "covered_branches": 0, "missing_branches": 8}, "missing_lines": [381, 382, 383, 384, 386, 387, 388, 389, 395, 396, 397, 398, 402], "excluded_lines": [], "executed_branches": [], "missing_branches": [[386, 387], [386, 388], [388, 389], [388, 395], [395, 396], [395, 402], [397, 398], [397, 402]]}, "ReportsAPI.is_complete": {"executed_lines": [], "summary": {"covered_lines": 0, "num_statements": 2, "percent_covered": 0.0, "percent_covered_display": "0.0", "missing_lines": 2, "excluded_lines": 0, "num_branches": 0, "num_partial_branches": 0, "covered_branches": 0, "missing_branches": 0}, "missing_lines": [419, 420], "excluded_lines": [], "executed_branches": [], "missing_branches": []}, "ReportsAPI.get_latest_instance": {"executed_lines": [], "summary": {"covered_lines": 0, "num_statements": 6, "percent_covered": 0.0, "percent_covered_display": "0.0", "missing_lines": 6, "excluded_lines": 0, "num_branches": 2, "num_partial_branches": 0, "covered_branches": 0, "missing_branches": 2}, "missing_lines": [437, 438, 439, 440, 442, 447], "excluded_lines": [], "executed_branches": [], "missing_branches": [[439, 440], [439, 442]]}, "ReportsAPI.get_all_reports": {"executed_lines": [], "summary": {"covered_lines": 0, "num_statements": 13, "percent_covered": 0.0, "percent_covered_display": "0.0", "missing_lines": 13, "excluded_lines": 0, "num_branches": 4, "num_partial_branches": 0, "covered_branches": 0, "missing_branches": 4}, "missing_lines": [466, 467, 468, 469, 470, 471, 472, 473, 474, 475, 476, 477, 478], "excluded_lines": [], "executed_branches": [], "missing_branches": [[471, 472], [471, 473], [475, 476], [475, 477]]}, "ReportsAPI.generate_and_download": {"executed_lines": [], "summary": {"covered_lines": 0, "num_statements": 3, "percent_covered": 0.0, "percent_covered_display": "0.0", "missing_lines": 3, "excluded_lines": 0, "num_branches": 0, "num_partial_branches": 0, "covered_branches": 0, "missing_branches": 0}, "missing_lines": [508, 509, 515], "excluded_lines": [], "executed_branches": [], "missing_branches": []}, "": {"executed_lines": [1, 26, 27, 29, 32, 33, 46, 50, 82, 100, 133, 158, 175, 194, 212, 239, 262, 293, 309, 328, 346, 404, 422, 449, 480], "summary": {"covered_lines": 23, "num_statements": 23, "percent_covered": 100.0, "percent_covered_display": "100.0", "missing_lines": 0, "excluded_lines": 0, "num_branches": 0, "num_partial_branches": 0, "covered_branches": 0, "missing_branches": 0}, "missing_lines": [], "excluded_lines": [], "executed_branches": [], "missing_branches": []}}, "classes": {"ReportsAPI": {"executed_lines": [75, 77, 78, 80], "summary": {"covered_lines": 4, "num_statements": 56, "percent_covered": 6.944444444444445, "percent_covered_display": "6.9", "missing_lines": 52, "excluded_lines": 0, "num_branches": 16, "num_partial_branches": 1, "covered_branches": 1, "missing_branches": 15}, "missing_lines": [79, 98, 131, 155, 171, 189, 190, 210, 234, 257, 284, 289, 307, 326, 342, 381, 382, 383, 384, 386, 387, 388, 389, 395, 396, 397, 398, 402, 419, 420, 437, 438, 439, 440, 442, 447, 466, 467, 468, 469, 470, 471, 472, 473, 474, 475, 476, 477, 478, 508, 509, 515], "excluded_lines": [], "executed_branches": [[78, 80]], "missing_branches": [[78, 79], [386, 387], [386, 388], [388, 389], [388, 395], [395, 396], [395, 402], [397, 398], [397, 402], [439, 440], [439, 442], [471, 472], [471, 473], [475, 476], [475, 477]]}, "": {"executed_lines": [1, 26, 27, 29, 32, 33, 46, 50, 82, 100, 133, 158, 175, 194, 212, 239, 262, 293, 309, 328, 346, 404, 422, 449, 480], "summary": {"covered_lines": 23, "num_statements": 23, "percent_covered": 100.0, "percent_covered_display": "100.0", "missing_lines": 0, "excluded_lines": 0, "num_branches": 0, "num_partial_branches": 0, "covered_branches": 0, "missing_branches": 0}, "missing_lines": [], "excluded_lines": [], "executed_branches": [], "missing_branches": []}}}, "src/rapid7/api/scan_engines.py": {"executed_lines": [1, 9, 10, 13, 14, 40, 54, 58, 80, 106, 125, 145, 184, 222, 245, 267, 301, 320, 335, 353, 385, 409, 427, 447, 479, 513], "summary": {"covered_lines": 24, "num_statements": 65, "percent_covered": 32.0, "percent_covered_display": "32.0", "missing_lines": 41, "excluded_lines": 0, "num_branches": 10, "num_partial_branches": 0, "covered_branches": 0, "missing_branches": 10}, "missing_lines": [78, 104, 123, 141, 175, 176, 177, 178, 211, 212, 213, 214, 243, 265, 296, 297, 298, 299, 318, 333, 351, 379, 402, 423, 442, 443, 445, 469, 470, 471, 473, 503, 504, 507, 508, 511, 537, 538, 541, 542, 545], "excluded_lines": [], "executed_branches": [], "missing_branches": [[176, 177], [176, 178], [212, 213], [212, 214], [297, 298], [297, 299], [507, 508], [507, 511], [541, 542], [541, 545]], "functions": {"ScanEngineAPI.__init__": {"executed_lines": [54], "summary": {"covered_lines": 1, "num_statements": 1, "percent_covered": 100.0, "percent_covered_display": "100.0", "missing_lines": 0, "excluded_lines": 0, "num_branches": 0, "num_partial_branches": 0, "covered_branches": 0, "missing_branches": 0}, "missing_lines": [], "excluded_lines": [], "executed_branches": [], "missing_branches": []}, "ScanEngineAPI.list": {"executed_lines": [], "summary": {"covered_lines": 0, "num_statements": 1, "percent_covered": 0.0, "percent_covered_display": "0.0", "missing_lines": 1, "excluded_lines": 0, "num_branches": 0, "num_partial_branches": 0, "covered_branches": 0, "missing_branches": 0}, "missing_lines": [78], "excluded_lines": [], "executed_branches": [], "missing_branches": []}, "ScanEngineAPI.get_engine": {"executed_lines": [], "summary": {"covered_lines": 0, "num_statements": 1, "percent_covered": 0.0, "percent_covered_display": "0.0", "missing_lines": 1, "excluded_lines": 0, "num_branches": 0, "num_partial_branches": 0, "covered_branches": 0, "missing_branches": 0}, "missing_lines": [104], "excluded_lines": [], "executed_branches": [], "missing_branches": []}, "ScanEngineAPI.update_engine": {"executed_lines": [], "summary": {"covered_lines": 0, "num_statements": 1, "percent_covered": 0.0, "percent_covered_display": "0.0", "missing_lines": 1, "excluded_lines": 0, "num_branches": 0, "num_partial_branches": 0, "covered_branches": 0, "missing_branches": 0}, "missing_lines": [123], "excluded_lines": [], "executed_branches": [], "missing_branches": []}, "ScanEngineAPI.delete_engine": {"executed_lines": [], "summary": {"covered_lines": 0, "num_statements": 1, "percent_covered": 0.0, "percent_covered_display": "0.0", "missing_lines": 1, "excluded_lines": 0, "num_branches": 0, "num_partial_branches": 0, "covered_branches": 0, "missing_branches": 0}, "missing_lines": [141], "excluded_lines": [], "executed_branches": [], "missing_branches": []}, "ScanEngineAPI.get_sites": {"executed_lines": [], "summary": {"covered_lines": 0, "num_statements": 4, "percent_covered": 0.0, "percent_covered_display": "0.0", "missing_lines": 4, "excluded_lines": 0, "num_branches": 2, "num_partial_branches": 0, "covered_branches": 0, "missing_branches": 2}, "missing_lines": [175, 176, 177, 178], "excluded_lines": [], "executed_branches": [], "missing_branches": [[176, 177], [176, 178]]}, "ScanEngineAPI.get_scans": {"executed_lines": [], "summary": {"covered_lines": 0, "num_statements": 4, "percent_covered": 0.0, "percent_covered_display": "0.0", "missing_lines": 4, "excluded_lines": 0, "num_branches": 2, "num_partial_branches": 0, "covered_branches": 0, "missing_branches": 2}, "missing_lines": [211, 212, 213, 214], "excluded_lines": [], "executed_branches": [], "missing_branches": [[212, 213], [212, 214]]}, "ScanEngineAPI.list_pools": {"executed_lines": [], "summary": {"covered_lines": 0, "num_statements": 1, "percent_covered": 0.0, "percent_covered_display": "0.0", "missing_lines": 1, "excluded_lines": 0, "num_branches": 0, "num_partial_branches": 0, "covered_branches": 0, "missing_branches": 0}, "missing_lines": [243], "excluded_lines": [], "executed_branches": [], "missing_branches": []}, "ScanEngineAPI.get_pool": {"executed_lines": [], "summary": {"covered_lines": 0, "num_statements": 1, "percent_covered": 0.0, "percent_covered_display": "0.0", "missing_lines": 1, "excluded_lines": 0, "num_branches": 0, "num_partial_branches": 0, "covered_branches": 0, "missing_branches": 0}, "missing_lines": [265], "excluded_lines": [], "executed_branches": [], "missing_branches": []}, "ScanEngineAPI.create_pool": {"executed_lines": [], "summary": {"covered_lines": 0, "num_statements": 4, "percent_covered": 0.0, "percent_covered_display": "0.0", "missing_lines": 4, "excluded_lines": 0, "num_branches": 2, "num_partial_branches": 0, "covered_branches": 0, "missing_branches": 2}, "missing_lines": [296, 297, 298, 299], "excluded_lines": [], "executed_branches": [], "missing_branches": [[297, 298], [297, 299]]}, "ScanEngineAPI.update_pool": {"executed_lines": [], "summary": {"covered_lines": 0, "num_statements": 1, "percent_covered": 0.0, "percent_covered_display": "0.0", "missing_lines": 1, "excluded_lines": 0, "num_branches": 0, "num_partial_branches": 0, "covered_branches": 0, "missing_branches": 0}, "missing_lines": [318], "excluded_lines": [], "executed_branches": [], "missing_branches": []}, "ScanEngineAPI.delete_pool": {"executed_lines": [], "summary": {"covered_lines": 0, "num_statements": 1, "percent_covered": 0.0, "percent_covered_display": "0.0", "missing_lines": 1, "excluded_lines": 0, "num_branches": 0, "num_partial_branches": 0, "covered_branches": 0, "missing_branches": 0}, "missing_lines": [333], "excluded_lines": [], "executed_branches": [], "missing_branches": []}, "ScanEngineAPI.get_pool_engines": {"executed_lines": [], "summary": {"covered_lines": 0, "num_statements": 1, "percent_covered": 0.0, "percent_covered_display": "0.0", "missing_lines": 1, "excluded_lines": 0, "num_branches": 0, "num_partial_branches": 0, "covered_branches": 0, "missing_branches": 0}, "missing_lines": [351], "excluded_lines": [], "executed_branches": [], "missing_branches": []}, "ScanEngineAPI.set_pool_engines": {"executed_lines": [], "summary": {"covered_lines": 0, "num_statements": 1, "percent_covered": 0.0, "percent_covered_display": "0.0", "missing_lines": 1, "excluded_lines": 0, "num_branches": 0, "num_partial_branches": 0, "covered_branches": 0, "missing_branches": 0}, "missing_lines": [379], "excluded_lines": [], "executed_branches": [], "missing_branches": []}, "ScanEngineAPI.get_engine_pools": {"executed_lines": [], "summary": {"covered_lines": 0, "num_statements": 1, "percent_covered": 0.0, "percent_covered_display": "0.0", "missing_lines": 1, "excluded_lines": 0, "num_branches": 0, "num_partial_branches": 0, "covered_branches": 0, "missing_branches": 0}, "missing_lines": [402], "excluded_lines": [], "executed_branches": [], "missing_branches": []}, "ScanEngineAPI.delete_shared_secret": {"executed_lines": [], "summary": {"covered_lines": 0, "num_statements": 1, "percent_covered": 0.0, "percent_covered_display": "0.0", "missing_lines": 1, "excluded_lines": 0, "num_branches": 0, "num_partial_branches": 0, "covered_branches": 0, "missing_branches": 0}, "missing_lines": [423], "excluded_lines": [], "executed_branches": [], "missing_branches": []}, "ScanEngineAPI.get_available_engines": {"executed_lines": [], "summary": {"covered_lines": 0, "num_statements": 3, "percent_covered": 0.0, "percent_covered_display": "0.0", "missing_lines": 3, "excluded_lines": 0, "num_branches": 0, "num_partial_branches": 0, "covered_branches": 0, "missing_branches": 0}, "missing_lines": [442, 443, 445], "excluded_lines": [], "executed_branches": [], "missing_branches": []}, "ScanEngineAPI.get_engine_summary": {"executed_lines": [], "summary": {"covered_lines": 0, "num_statements": 4, "percent_covered": 0.0, "percent_covered_display": "0.0", "missing_lines": 4, "excluded_lines": 0, "num_branches": 0, "num_partial_branches": 0, "covered_branches": 0, "missing_branches": 0}, "missing_lines": [469, 470, 471, 473], "excluded_lines": [], "executed_branches": [], "missing_branches": []}, "ScanEngineAPI.assign_engine_to_pool": {"executed_lines": [], "summary": {"covered_lines": 0, "num_statements": 5, "percent_covered": 0.0, "percent_covered_display": "0.0", "missing_lines": 5, "excluded_lines": 0, "num_branches": 2, "num_partial_branches": 0, "covered_branches": 0, "missing_branches": 2}, "missing_lines": [503, 504, 507, 508, 511], "excluded_lines": [], "executed_branches": [], "missing_branches": [[507, 508], [507, 511]]}, "ScanEngineAPI.remove_engine_from_pool": {"executed_lines": [], "summary": {"covered_lines": 0, "num_statements": 5, "percent_covered": 0.0, "percent_covered_display": "0.0", "missing_lines": 5, "excluded_lines": 0, "num_branches": 2, "num_partial_branches": 0, "covered_branches": 0, "missing_branches": 2}, "missing_lines": [537, 538, 541, 542, 545], "excluded_lines": [], "executed_branches": [], "missing_branches": [[541, 542], [541, 545]]}, "": {"executed_lines": [1, 9, 10, 13, 14, 40, 58, 80, 106, 125, 145, 184, 222, 245, 267, 301, 320, 335, 353, 385, 409, 427, 447, 479, 513], "summary": {"covered_lines": 23, "num_statements": 23, "percent_covered": 100.0, "percent_covered_display": "100.0", "missing_lines": 0, "excluded_lines": 0, "num_branches": 0, "num_partial_branches": 0, "covered_branches": 0, "missing_branches": 0}, "missing_lines": [], "excluded_lines": [], "executed_branches": [], "missing_branches": []}}, "classes": {"ScanEngineAPI": {"executed_lines": [54], "summary": {"covered_lines": 1, "num_statements": 42, "percent_covered": 1.9230769230769231, "percent_covered_display": "1.9", "missing_lines": 41, "excluded_lines": 0, "num_branches": 10, "num_partial_branches": 0, "covered_branches": 0, "missing_branches": 10}, "missing_lines": [78, 104, 123, 141, 175, 176, 177, 178, 211, 212, 213, 214, 243, 265, 296, 297, 298, 299, 318, 333, 351, 379, 402, 423, 442, 443, 445, 469, 470, 471, 473, 503, 504, 507, 508, 511, 537, 538, 541, 542, 545], "excluded_lines": [], "executed_branches": [], "missing_branches": [[176, 177], [176, 178], [212, 213], [212, 214], [297, 298], [297, 299], [507, 508], [507, 511], [541, 542], [541, 545]]}, "": {"executed_lines": [1, 9, 10, 13, 14, 40, 58, 80, 106, 125, 145, 184, 222, 245, 267, 301, 320, 335, 353, 385, 409, 427, 447, 479, 513], "summary": {"covered_lines": 23, "num_statements": 23, "percent_covered": 100.0, "percent_covered_display": "100.0", "missing_lines": 0, "excluded_lines": 0, "num_branches": 0, "num_partial_branches": 0, "covered_branches": 0, "missing_branches": 0}, "missing_lines": [], "excluded_lines": [], "executed_branches": [], "missing_branches": []}}}, "src/rapid7/api/scan_templates.py": {"executed_lines": [1, 9, 10, 13, 14, 40, 54, 58, 80, 107, 152, 176, 196, 219, 252, 275, 310, 332, 373, 438, 482, 526], "summary": {"covered_lines": 20, "num_statements": 96, "percent_covered": 15.873015873015873, "percent_covered_display": "15.9", "missing_lines": 76, "excluded_lines": 0, "num_branches": 30, "num_partial_branches": 0, "covered_branches": 0, "missing_branches": 30}, "missing_lines": [78, 105, 145, 150, 174, 192, 217, 249, 273, 305, 325, 326, 328, 360, 363, 364, 367, 368, 371, 405, 407, 408, 409, 410, 413, 414, 416, 417, 420, 421, 422, 423, 425, 426, 427, 428, 430, 431, 433, 436, 462, 463, 464, 466, 467, 470, 471, 472, 473, 474, 476, 477, 478, 480, 506, 507, 508, 510, 511, 514, 515, 516, 517, 518, 520, 521, 522, 524, 561, 579, 580, 581, 582, 583, 584, 586], "excluded_lines": [], "executed_branches": [], "missing_branches": [[407, 408], [407, 409], [409, 410], [409, 413], [413, 414], [413, 420], [416, 417], [416, 420], [420, 421], [420, 436], [425, 426], [425, 427], [427, 428], [427, 430], [470, 471], [470, 476], [471, 472], [471, 473], [473, 470], [473, 474], [514, 515], [514, 520], [515, 516], [515, 517], [517, 514], [517, 518], [579, 580], [579, 582], [582, 583], [582, 586]], "functions": {"ScanTemplateAPI.__init__": {"executed_lines": [54], "summary": {"covered_lines": 1, "num_statements": 1, "percent_covered": 100.0, "percent_covered_display": "100.0", "missing_lines": 0, "excluded_lines": 0, "num_branches": 0, "num_partial_branches": 0, "covered_branches": 0, "missing_branches": 0}, "missing_lines": [], "excluded_lines": [], "executed_branches": [], "missing_branches": []}, "ScanTemplateAPI.list": {"executed_lines": [], "summary": {"covered_lines": 0, "num_statements": 1, "percent_covered": 0.0, "percent_covered_display": "0.0", "missing_lines": 1, "excluded_lines": 0, "num_branches": 0, "num_partial_branches": 0, "covered_branches": 0, "missing_branches": 0}, "missing_lines": [78], "excluded_lines": [], "executed_branches": [], "missing_branches": []}, "ScanTemplateAPI.get": {"executed_lines": [], "summary": {"covered_lines": 0, "num_statements": 1, "percent_covered": 0.0, "percent_covered_display": "0.0", "missing_lines": 1, "excluded_lines": 0, "num_branches": 0, "num_partial_branches": 0, "covered_branches": 0, "missing_branches": 0}, "missing_lines": [105], "excluded_lines": [], "executed_branches": [], "missing_branches": []}, "ScanTemplateAPI.create": {"executed_lines": [], "summary": {"covered_lines": 0, "num_statements": 2, "percent_covered": 0.0, "percent_covered_display": "0.0", "missing_lines": 2, "excluded_lines": 0, "num_branches": 0, "num_partial_branches": 0, "covered_branches": 0, "missing_branches": 0}, "missing_lines": [145, 150], "excluded_lines": [], "executed_branches": [], "missing_branches": []}, "ScanTemplateAPI.update": {"executed_lines": [], "summary": {"covered_lines": 0, "num_statements": 1, "percent_covered": 0.0, "percent_covered_display": "0.0", "missing_lines": 1, "excluded_lines": 0, "num_branches": 0, "num_partial_branches": 0, "covered_branches": 0, "missing_branches": 0}, "missing_lines": [174], "excluded_lines": [], "executed_branches": [], "missing_branches": []}, "ScanTemplateAPI.delete": {"executed_lines": [], "summary": {"covered_lines": 0, "num_statements": 1, "percent_covered": 0.0, "percent_covered_display": "0.0", "missing_lines": 1, "excluded_lines": 0, "num_branches": 0, "num_partial_branches": 0, "covered_branches": 0, "missing_branches": 0}, "missing_lines": [192], "excluded_lines": [], "executed_branches": [], "missing_branches": []}, "ScanTemplateAPI.get_discovery": {"executed_lines": [], "summary": {"covered_lines": 0, "num_statements": 1, "percent_covered": 0.0, "percent_covered_display": "0.0", "missing_lines": 1, "excluded_lines": 0, "num_branches": 0, "num_partial_branches": 0, "covered_branches": 0, "missing_branches": 0}, "missing_lines": [217], "excluded_lines": [], "executed_branches": [], "missing_branches": []}, "ScanTemplateAPI.update_discovery": {"executed_lines": [], "summary": {"covered_lines": 0, "num_statements": 1, "percent_covered": 0.0, "percent_covered_display": "0.0", "missing_lines": 1, "excluded_lines": 0, "num_branches": 0, "num_partial_branches": 0, "covered_branches": 0, "missing_branches": 0}, "missing_lines": [249], "excluded_lines": [], "executed_branches": [], "missing_branches": []}, "ScanTemplateAPI.get_service_discovery": {"executed_lines": [], "summary": {"covered_lines": 0, "num_statements": 1, "percent_covered": 0.0, "percent_covered_display": "0.0", "missing_lines": 1, "excluded_lines": 0, "num_branches": 0, "num_partial_branches": 0, "covered_branches": 0, "missing_branches": 0}, "missing_lines": [273], "excluded_lines": [], "executed_branches": [], "missing_branches": []}, "ScanTemplateAPI.update_service_discovery": {"executed_lines": [], "summary": {"covered_lines": 0, "num_statements": 1, "percent_covered": 0.0, "percent_covered_display": "0.0", "missing_lines": 1, "excluded_lines": 0, "num_branches": 0, "num_partial_branches": 0, "covered_branches": 0, "missing_branches": 0}, "missing_lines": [305], "excluded_lines": [], "executed_branches": [], "missing_branches": []}, "ScanTemplateAPI.get_builtin_templates": {"executed_lines": [], "summary": {"covered_lines": 0, "num_statements": 3, "percent_covered": 0.0, "percent_covered_display": "0.0", "missing_lines": 3, "excluded_lines": 0, "num_branches": 0, "num_partial_branches": 0, "covered_branches": 0, "missing_branches": 0}, "missing_lines": [325, 326, 328], "excluded_lines": [], "executed_branches": [], "missing_branches": []}, "ScanTemplateAPI.clone_template": {"executed_lines": [], "summary": {"covered_lines": 0, "num_statements": 6, "percent_covered": 0.0, "percent_covered_display": "0.0", "missing_lines": 6, "excluded_lines": 0, "num_branches": 0, "num_partial_branches": 0, "covered_branches": 0, "missing_branches": 0}, "missing_lines": [360, 363, 364, 367, 368, 371], "excluded_lines": [], "executed_branches": [], "missing_branches": []}, "ScanTemplateAPI.configure_performance": {"executed_lines": [], "summary": {"covered_lines": 0, "num_statements": 21, "percent_covered": 0.0, "percent_covered_display": "0.0", "missing_lines": 21, "excluded_lines": 0, "num_branches": 14, "num_partial_branches": 0, "covered_branches": 0, "missing_branches": 14}, "missing_lines": [405, 407, 408, 409, 410, 413, 414, 416, 417, 420, 421, 422, 423, 425, 426, 427, 428, 430, 431, 433, 436], "excluded_lines": [], "executed_branches": [], "missing_branches": [[407, 408], [407, 409], [409, 410], [409, 413], [413, 414], [413, 420], [416, 417], [416, 420], [420, 421], [420, 436], [425, 426], [425, 427], [427, 428], [427, 430]]}, "ScanTemplateAPI.enable_vulnerability_categories": {"executed_lines": [], "summary": {"covered_lines": 0, "num_statements": 14, "percent_covered": 0.0, "percent_covered_display": "0.0", "missing_lines": 14, "excluded_lines": 0, "num_branches": 6, "num_partial_branches": 0, "covered_branches": 0, "missing_branches": 6}, "missing_lines": [462, 463, 464, 466, 467, 470, 471, 472, 473, 474, 476, 477, 478, 480], "excluded_lines": [], "executed_branches": [], "missing_branches": [[470, 471], [470, 476], [471, 472], [471, 473], [473, 470], [473, 474]]}, "ScanTemplateAPI.disable_vulnerability_categories": {"executed_lines": [], "summary": {"covered_lines": 0, "num_statements": 14, "percent_covered": 0.0, "percent_covered_display": "0.0", "missing_lines": 14, "excluded_lines": 0, "num_branches": 6, "num_partial_branches": 0, "covered_branches": 0, "missing_branches": 6}, "missing_lines": [506, 507, 508, 510, 511, 514, 515, 516, 517, 518, 520, 521, 522, 524], "excluded_lines": [], "executed_branches": [], "missing_branches": [[514, 515], [514, 520], [515, 516], [515, 517], [517, 514], [517, 518]]}, "ScanTemplateAPI.create_discovery_template": {"executed_lines": [], "summary": {"covered_lines": 0, "num_statements": 8, "percent_covered": 0.0, "percent_covered_display": "0.0", "missing_lines": 8, "excluded_lines": 0, "num_branches": 4, "num_partial_branches": 0, "covered_branches": 0, "missing_branches": 4}, "missing_lines": [561, 579, 580, 581, 582, 583, 584, 586], "excluded_lines": [], "executed_branches": [], "missing_branches": [[579, 580], [579, 582], [582, 583], [582, 586]]}, "": {"executed_lines": [1, 9, 10, 13, 14, 40, 58, 80, 107, 152, 176, 196, 219, 252, 275, 310, 332, 373, 438, 482, 526], "summary": {"covered_lines": 19, "num_statements": 19, "percent_covered": 100.0, "percent_covered_display": "100.0", "missing_lines": 0, "excluded_lines": 0, "num_branches": 0, "num_partial_branches": 0, "covered_branches": 0, "missing_branches": 0}, "missing_lines": [], "excluded_lines": [], "executed_branches": [], "missing_branches": []}}, "classes": {"ScanTemplateAPI": {"executed_lines": [54], "summary": {"covered_lines": 1, "num_statements": 77, "percent_covered": 0.9345794392523364, "percent_covered_display": "0.9", "missing_lines": 76, "excluded_lines": 0, "num_branches": 30, "num_partial_branches": 0, "covered_branches": 0, "missing_branches": 30}, "missing_lines": [78, 105, 145, 150, 174, 192, 217, 249, 273, 305, 325, 326, 328, 360, 363, 364, 367, 368, 371, 405, 407, 408, 409, 410, 413, 414, 416, 417, 420, 421, 422, 423, 425, 426, 427, 428, 430, 431, 433, 436, 462, 463, 464, 466, 467, 470, 471, 472, 473, 474, 476, 477, 478, 480, 506, 507, 508, 510, 511, 514, 515, 516, 517, 518, 520, 521, 522, 524, 561, 579, 580, 581, 582, 583, 584, 586], "excluded_lines": [], "executed_branches": [], "missing_branches": [[407, 408], [407, 409], [409, 410], [409, 413], [413, 414], [413, 420], [416, 417], [416, 420], [420, 421], [420, 436], [425, 426], [425, 427], [427, 428], [427, 430], [470, 471], [470, 476], [471, 472], [471, 473], [473, 470], [473, 474], [514, 515], [514, 520], [515, 516], [515, 517], [517, 514], [517, 518], [579, 580], [579, 582], [582, 583], [582, 586]]}, "": {"executed_lines": [1, 9, 10, 13, 14, 40, 58, 80, 107, 152, 176, 196, 219, 252, 275, 310, 332, 373, 438, 482, 526], "summary": {"covered_lines": 19, "num_statements": 19, "percent_covered": 100.0, "percent_covered_display": "100.0", "missing_lines": 0, "excluded_lines": 0, "num_branches": 0, "num_partial_branches": 0, "covered_branches": 0, "missing_branches": 0}, "missing_lines": [], "excluded_lines": [], "executed_branches": [], "missing_branches": []}}}, "src/rapid7/api/scans.py": {"executed_lines": [1, 34, 35, 36, 39, 40, 54, 56, 97, 99, 104, 107, 110, 112, 153, 211, 303, 327, 351, 375, 427, 496, 552, 574, 595], "summary": {"covered_lines": 23, "num_statements": 90, "percent_covered": 20.833333333333332, "percent_covered_display": "20.8", "missing_lines": 67, "excluded_lines": 0, "num_branches": 30, "num_partial_branches": 2, "covered_branches": 2, "missing_branches": 28}, "missing_lines": [105, 108, 151, 194, 196, 201, 202, 204, 205, 207, 271, 273, 274, 276, 277, 279, 280, 282, 283, 285, 286, 289, 290, 291, 294, 301, 325, 349, 373, 404, 405, 406, 408, 409, 412, 413, 416, 417, 418, 420, 421, 423, 425, 470, 471, 475, 476, 477, 480, 481, 484, 485, 486, 487, 491, 494, 527, 530, 532, 550, 570, 571, 572, 593, 624, 625, 627], "excluded_lines": [], "executed_branches": [[104, 107], [107, 110]], "missing_branches": [[104, 105], [107, 108], [201, 202], [201, 204], [204, 205], [204, 207], [273, 274], [273, 276], [276, 277], [276, 279], [279, 280], [279, 282], [282, 283], [282, 285], [285, 286], [285, 289], [290, 291], [290, 294], [420, 421], [420, 423], [480, 481], [480, 484], [484, 485], [484, 494], [486, 487], [486, 494], [624, 625], [624, 627]], "functions": {"ScansAPI.list": {"executed_lines": [97, 99, 104, 107, 110], "summary": {"covered_lines": 5, "num_statements": 7, "percent_covered": 63.63636363636363, "percent_covered_display": "63.6", "missing_lines": 2, "excluded_lines": 0, "num_branches": 4, "num_partial_branches": 2, "covered_branches": 2, "missing_branches": 2}, "missing_lines": [105, 108], "excluded_lines": [], "executed_branches": [[104, 107], [107, 110]], "missing_branches": [[104, 105], [107, 108]]}, "ScansAPI.get_scan": {"executed_lines": [], "summary": {"covered_lines": 0, "num_statements": 1, "percent_covered": 0.0, "percent_covered_display": "0.0", "missing_lines": 1, "excluded_lines": 0, "num_branches": 0, "num_partial_branches": 0, "covered_branches": 0, "missing_branches": 0}, "missing_lines": [151], "excluded_lines": [], "executed_branches": [], "missing_branches": []}, "ScansAPI.get_site_scans": {"executed_lines": [], "summary": {"covered_lines": 0, "num_statements": 7, "percent_covered": 0.0, "percent_covered_display": "0.0", "missing_lines": 7, "excluded_lines": 0, "num_branches": 4, "num_partial_branches": 0, "covered_branches": 0, "missing_branches": 4}, "missing_lines": [194, 196, 201, 202, 204, 205, 207], "excluded_lines": [], "executed_branches": [], "missing_branches": [[201, 202], [201, 204], [204, 205], [204, 207]]}, "ScansAPI.start_site_scan": {"executed_lines": [], "summary": {"covered_lines": 0, "num_statements": 16, "percent_covered": 0.0, "percent_covered_display": "0.0", "missing_lines": 16, "excluded_lines": 0, "num_branches": 12, "num_partial_branches": 0, "covered_branches": 0, "missing_branches": 12}, "missing_lines": [271, 273, 274, 276, 277, 279, 280, 282, 283, 285, 286, 289, 290, 291, 294, 301], "excluded_lines": [], "executed_branches": [], "missing_branches": [[273, 274], [273, 276], [276, 277], [276, 279], [279, 280], [279, 282], [282, 283], [282, 285], [285, 286], [285, 289], [290, 291], [290, 294]]}, "ScansAPI.stop_scan": {"executed_lines": [], "summary": {"covered_lines": 0, "num_statements": 1, "percent_covered": 0.0, "percent_covered_display": "0.0", "missing_lines": 1, "excluded_lines": 0, "num_branches": 0, "num_partial_branches": 0, "covered_branches": 0, "missing_branches": 0}, "missing_lines": [325], "excluded_lines": [], "executed_branches": [], "missing_branches": []}, "ScansAPI.pause_scan": {"executed_lines": [], "summary": {"covered_lines": 0, "num_statements": 1, "percent_covered": 0.0, "percent_covered_display": "0.0", "missing_lines": 1, "excluded_lines": 0, "num_branches": 0, "num_partial_branches": 0, "covered_branches": 0, "missing_branches": 0}, "missing_lines": [349], "excluded_lines": [], "executed_branches": [], "missing_branches": []}, "ScansAPI.resume_scan": {"executed_lines": [], "summary": {"covered_lines": 0, "num_statements": 1, "percent_covered": 0.0, "percent_covered_display": "0.0", "missing_lines": 1, "excluded_lines": 0, "num_branches": 0, "num_partial_branches": 0, "covered_branches": 0, "missing_branches": 0}, "missing_lines": [373], "excluded_lines": [], "executed_branches": [], "missing_branches": []}, "ScansAPI.get_all_scans": {"executed_lines": [], "summary": {"covered_lines": 0, "num_statements": 14, "percent_covered": 0.0, "percent_covered_display": "0.0", "missing_lines": 14, "excluded_lines": 0, "num_branches": 2, "num_partial_branches": 0, "covered_branches": 0, "missing_branches": 2}, "missing_lines": [404, 405, 406, 408, 409, 412, 413, 416, 417, 418, 420, 421, 423, 425], "excluded_lines": [], "executed_branches": [], "missing_branches": [[420, 421], [420, 423]]}, "ScansAPI.wait_for_scan_completion": {"executed_lines": [], "summary": {"covered_lines": 0, "num_statements": 13, "percent_covered": 0.0, "percent_covered_display": "0.0", "missing_lines": 13, "excluded_lines": 0, "num_branches": 6, "num_partial_branches": 0, "covered_branches": 0, "missing_branches": 6}, "missing_lines": [470, 471, 475, 476, 477, 480, 481, 484, 485, 486, 487, 491, 494], "excluded_lines": [], "executed_branches": [], "missing_branches": [[480, 481], [480, 484], [484, 485], [484, 494], [486, 487], [486, 494]]}, "ScansAPI.get_scan_summary": {"executed_lines": [], "summary": {"covered_lines": 0, "num_statements": 4, "percent_covered": 0.0, "percent_covered_display": "0.0", "missing_lines": 4, "excluded_lines": 0, "num_branches": 0, "num_partial_branches": 0, "covered_branches": 0, "missing_branches": 0}, "missing_lines": [527, 530, 532, 550], "excluded_lines": [], "executed_branches": [], "missing_branches": []}, "ScansAPI.is_scan_running": {"executed_lines": [], "summary": {"covered_lines": 0, "num_statements": 3, "percent_covered": 0.0, "percent_covered_display": "0.0", "missing_lines": 3, "excluded_lines": 0, "num_branches": 0, "num_partial_branches": 0, "covered_branches": 0, "missing_branches": 0}, "missing_lines": [570, 571, 572], "excluded_lines": [], "executed_branches": [], "missing_branches": []}, "ScansAPI.get_active_scans": {"executed_lines": [], "summary": {"covered_lines": 0, "num_statements": 1, "percent_covered": 0.0, "percent_covered_display": "0.0", "missing_lines": 1, "excluded_lines": 0, "num_branches": 0, "num_partial_branches": 0, "covered_branches": 0, "missing_branches": 0}, "missing_lines": [593], "excluded_lines": [], "executed_branches": [], "missing_branches": []}, "ScansAPI.get_completed_scans": {"executed_lines": [], "summary": {"covered_lines": 0, "num_statements": 3, "percent_covered": 0.0, "percent_covered_display": "0.0", "missing_lines": 3, "excluded_lines": 0, "num_branches": 2, "num_partial_branches": 0, "covered_branches": 0, "missing_branches": 2}, "missing_lines": [624, 625, 627], "excluded_lines": [], "executed_branches": [], "missing_branches": [[624, 625], [624, 627]]}, "": {"executed_lines": [1, 34, 35, 36, 39, 40, 54, 56, 112, 153, 211, 303, 327, 351, 375, 427, 496, 552, 574, 595], "summary": {"covered_lines": 18, "num_statements": 18, "percent_covered": 100.0, "percent_covered_display": "100.0", "missing_lines": 0, "excluded_lines": 0, "num_branches": 0, "num_partial_branches": 0, "covered_branches": 0, "missing_branches": 0}, "missing_lines": [], "excluded_lines": [], "executed_branches": [], "missing_branches": []}}, "classes": {"ScansAPI": {"executed_lines": [97, 99, 104, 107, 110], "summary": {"covered_lines": 5, "num_statements": 72, "percent_covered": 6.862745098039215, "percent_covered_display": "6.9", "missing_lines": 67, "excluded_lines": 0, "num_branches": 30, "num_partial_branches": 2, "covered_branches": 2, "missing_branches": 28}, "missing_lines": [105, 108, 151, 194, 196, 201, 202, 204, 205, 207, 271, 273, 274, 276, 277, 279, 280, 282, 283, 285, 286, 289, 290, 291, 294, 301, 325, 349, 373, 404, 405, 406, 408, 409, 412, 413, 416, 417, 418, 420, 421, 423, 425, 470, 471, 475, 476, 477, 480, 481, 484, 485, 486, 487, 491, 494, 527, 530, 532, 550, 570, 571, 572, 593, 624, 625, 627], "excluded_lines": [], "executed_branches": [[104, 107], [107, 110]], "missing_branches": [[104, 105], [107, 108], [201, 202], [201, 204], [204, 205], [204, 207], [273, 274], [273, 276], [276, 277], [276, 279], [279, 280], [279, 282], [282, 283], [282, 285], [285, 286], [285, 289], [290, 291], [290, 294], [420, 421], [420, 423], [480, 481], [480, 484], [484, 485], [484, 494], [486, 487], [486, 494], [624, 625], [624, 627]]}, "": {"executed_lines": [1, 34, 35, 36, 39, 40, 54, 56, 112, 153, 211, 303, 327, 351, 375, 427, 496, 552, 574, 595], "summary": {"covered_lines": 18, "num_statements": 18, "percent_covered": 100.0, "percent_covered_display": "100.0", "missing_lines": 0, "excluded_lines": 0, "num_branches": 0, "num_partial_branches": 0, "covered_branches": 0, "missing_branches": 0}, "missing_lines": [], "excluded_lines": [], "executed_branches": [], "missing_branches": []}}}, "src/rapid7/api/sites.py": {"executed_lines": [1, 8, 9, 12, 13, 38, 52, 56, 79, 81, 108, 156, 179, 198, 226, 246, 266, 292, 323, 350, 394, 412, 430, 464], "summary": {"covered_lines": 22, "num_statements": 43, "percent_covered": 46.808510638297875, "percent_covered_display": "46.8", "missing_lines": 21, "excluded_lines": 0, "num_branches": 4, "num_partial_branches": 0, "covered_branches": 0, "missing_branches": 4}, "missing_lines": [106, 149, 154, 177, 194, 222, 244, 264, 286, 315, 348, 384, 385, 386, 387, 388, 390, 410, 428, 458, 488], "excluded_lines": [], "executed_branches": [], "missing_branches": [[385, 386], [385, 387], [387, 388], [387, 390]], "functions": {"SiteAPI.__init__": {"executed_lines": [52], "summary": {"covered_lines": 1, "num_statements": 1, "percent_covered": 100.0, "percent_covered_display": "100.0", "missing_lines": 0, "excluded_lines": 0, "num_branches": 0, "num_partial_branches": 0, "covered_branches": 0, "missing_branches": 0}, "missing_lines": [], "excluded_lines": [], "executed_branches": [], "missing_branches": []}, "SiteAPI.list": {"executed_lines": [79], "summary": {"covered_lines": 1, "num_statements": 1, "percent_covered": 100.0, "percent_covered_display": "100.0", "missing_lines": 0, "excluded_lines": 0, "num_branches": 0, "num_partial_branches": 0, "covered_branches": 0, "missing_branches": 0}, "missing_lines": [], "excluded_lines": [], "executed_branches": [], "missing_branches": []}, "SiteAPI.get_site": {"executed_lines": [], "summary": {"covered_lines": 0, "num_statements": 1, "percent_covered": 0.0, "percent_covered_display": "0.0", "missing_lines": 1, "excluded_lines": 0, "num_branches": 0, "num_partial_branches": 0, "covered_branches": 0, "missing_branches": 0}, "missing_lines": [106], "excluded_lines": [], "executed_branches": [], "missing_branches": []}, "SiteAPI.create": {"executed_lines": [], "summary": {"covered_lines": 0, "num_statements": 2, "percent_covered": 0.0, "percent_covered_display": "0.0", "missing_lines": 2, "excluded_lines": 0, "num_branches": 0, "num_partial_branches": 0, "covered_branches": 0, "missing_branches": 0}, "missing_lines": [149, 154], "excluded_lines": [], "executed_branches": [], "missing_branches": []}, "SiteAPI.update": {"executed_lines": [], "summary": {"covered_lines": 0, "num_statements": 1, "percent_covered": 0.0, "percent_covered_display": "0.0", "missing_lines": 1, "excluded_lines": 0, "num_branches": 0, "num_partial_branches": 0, "covered_branches": 0, "missing_branches": 0}, "missing_lines": [177], "excluded_lines": [], "executed_branches": [], "missing_branches": []}, "SiteAPI.delete_site": {"executed_lines": [], "summary": {"covered_lines": 0, "num_statements": 1, "percent_covered": 0.0, "percent_covered_display": "0.0", "missing_lines": 1, "excluded_lines": 0, "num_branches": 0, "num_partial_branches": 0, "covered_branches": 0, "missing_branches": 0}, "missing_lines": [194], "excluded_lines": [], "executed_branches": [], "missing_branches": []}, "SiteAPI.get_assets": {"executed_lines": [], "summary": {"covered_lines": 0, "num_statements": 1, "percent_covered": 0.0, "percent_covered_display": "0.0", "missing_lines": 1, "excluded_lines": 0, "num_branches": 0, "num_partial_branches": 0, "covered_branches": 0, "missing_branches": 0}, "missing_lines": [222], "excluded_lines": [], "executed_branches": [], "missing_branches": []}, "SiteAPI.get_scan_engine": {"executed_lines": [], "summary": {"covered_lines": 0, "num_statements": 1, "percent_covered": 0.0, "percent_covered_display": "0.0", "missing_lines": 1, "excluded_lines": 0, "num_branches": 0, "num_partial_branches": 0, "covered_branches": 0, "missing_branches": 0}, "missing_lines": [244], "excluded_lines": [], "executed_branches": [], "missing_branches": []}, "SiteAPI.get_scan_template": {"executed_lines": [], "summary": {"covered_lines": 0, "num_statements": 1, "percent_covered": 0.0, "percent_covered_display": "0.0", "missing_lines": 1, "excluded_lines": 0, "num_branches": 0, "num_partial_branches": 0, "covered_branches": 0, "missing_branches": 0}, "missing_lines": [264], "excluded_lines": [], "executed_branches": [], "missing_branches": []}, "SiteAPI.set_scan_engine": {"executed_lines": [], "summary": {"covered_lines": 0, "num_statements": 1, "percent_covered": 0.0, "percent_covered_display": "0.0", "missing_lines": 1, "excluded_lines": 0, "num_branches": 0, "num_partial_branches": 0, "covered_branches": 0, "missing_branches": 0}, "missing_lines": [286], "excluded_lines": [], "executed_branches": [], "missing_branches": []}, "SiteAPI.set_scan_template": {"executed_lines": [], "summary": {"covered_lines": 0, "num_statements": 1, "percent_covered": 0.0, "percent_covered_display": "0.0", "missing_lines": 1, "excluded_lines": 0, "num_branches": 0, "num_partial_branches": 0, "covered_branches": 0, "missing_branches": 0}, "missing_lines": [315], "excluded_lines": [], "executed_branches": [], "missing_branches": []}, "SiteAPI.get_scans": {"executed_lines": [], "summary": {"covered_lines": 0, "num_statements": 1, "percent_covered": 0.0, "percent_covered_display": "0.0", "missing_lines": 1, "excluded_lines": 0, "num_branches": 0, "num_partial_branches": 0, "covered_branches": 0, "missing_branches": 0}, "missing_lines": [348], "excluded_lines": [], "executed_branches": [], "missing_branches": []}, "SiteAPI.start_scan": {"executed_lines": [], "summary": {"covered_lines": 0, "num_statements": 6, "percent_covered": 0.0, "percent_covered_display": "0.0", "missing_lines": 6, "excluded_lines": 0, "num_branches": 4, "num_partial_branches": 0, "covered_branches": 0, "missing_branches": 4}, "missing_lines": [384, 385, 386, 387, 388, 390], "excluded_lines": [], "executed_branches": [], "missing_branches": [[385, 386], [385, 387], [387, 388], [387, 390]]}, "SiteAPI.get_included_targets": {"executed_lines": [], "summary": {"covered_lines": 0, "num_statements": 1, "percent_covered": 0.0, "percent_covered_display": "0.0", "missing_lines": 1, "excluded_lines": 0, "num_branches": 0, "num_partial_branches": 0, "covered_branches": 0, "missing_branches": 0}, "missing_lines": [410], "excluded_lines": [], "executed_branches": [], "missing_branches": []}, "SiteAPI.get_excluded_targets": {"executed_lines": [], "summary": {"covered_lines": 0, "num_statements": 1, "percent_covered": 0.0, "percent_covered_display": "0.0", "missing_lines": 1, "excluded_lines": 0, "num_branches": 0, "num_partial_branches": 0, "covered_branches": 0, "missing_branches": 0}, "missing_lines": [428], "excluded_lines": [], "executed_branches": [], "missing_branches": []}, "SiteAPI.set_included_targets": {"executed_lines": [], "summary": {"covered_lines": 0, "num_statements": 1, "percent_covered": 0.0, "percent_covered_display": "0.0", "missing_lines": 1, "excluded_lines": 0, "num_branches": 0, "num_partial_branches": 0, "covered_branches": 0, "missing_branches": 0}, "missing_lines": [458], "excluded_lines": [], "executed_branches": [], "missing_branches": []}, "SiteAPI.set_excluded_targets": {"executed_lines": [], "summary": {"covered_lines": 0, "num_statements": 1, "percent_covered": 0.0, "percent_covered_display": "0.0", "missing_lines": 1, "excluded_lines": 0, "num_branches": 0, "num_partial_branches": 0, "covered_branches": 0, "missing_branches": 0}, "missing_lines": [488], "excluded_lines": [], "executed_branches": [], "missing_branches": []}, "": {"executed_lines": [1, 8, 9, 12, 13, 38, 56, 81, 108, 156, 179, 198, 226, 246, 266, 292, 323, 350, 394, 412, 430, 464], "summary": {"covered_lines": 20, "num_statements": 20, "percent_covered": 100.0, "percent_covered_display": "100.0", "missing_lines": 0, "excluded_lines": 0, "num_branches": 0, "num_partial_branches": 0, "covered_branches": 0, "missing_branches": 0}, "missing_lines": [], "excluded_lines": [], "executed_branches": [], "missing_branches": []}}, "classes": {"SiteAPI": {"executed_lines": [52, 79], "summary": {"covered_lines": 2, "num_statements": 23, "percent_covered": 7.407407407407407, "percent_covered_display": "7.4", "missing_lines": 21, "excluded_lines": 0, "num_branches": 4, "num_partial_branches": 0, "covered_branches": 0, "missing_branches": 4}, "missing_lines": [106, 149, 154, 177, 194, 222, 244, 264, 286, 315, 348, 384, 385, 386, 387, 388, 390, 410, 428, 458, 488], "excluded_lines": [], "executed_branches": [], "missing_branches": [[385, 386], [385, 387], [387, 388], [387, 390]]}, "": {"executed_lines": [1, 8, 9, 12, 13, 38, 56, 81, 108, 156, 179, 198, 226, 246, 266, 292, 323, 350, 394, 412, 430, 464], "summary": {"covered_lines": 20, "num_statements": 20, "percent_covered": 100.0, "percent_covered_display": "100.0", "missing_lines": 0, "excluded_lines": 0, "num_branches": 0, "num_partial_branches": 0, "covered_branches": 0, "missing_branches": 0}, "missing_lines": [], "excluded_lines": [], "executed_branches": [], "missing_branches": []}}}, "src/rapid7/api/solutions.py": {"executed_lines": [1, 31, 32, 35, 36, 50, 52, 64, 123, 170, 202, 250, 284, 339, 389], "summary": {"covered_lines": 13, "num_statements": 51, "percent_covered": 22.80701754385965, "percent_covered_display": "22.8", "missing_lines": 38, "excluded_lines": 0, "num_branches": 6, "num_partial_branches": 0, "covered_branches": 0, "missing_branches": 6}, "missing_lines": [62, 111, 113, 118, 119, 121, 168, 197, 240, 241, 242, 244, 279, 318, 319, 320, 322, 323, 324, 325, 328, 329, 330, 332, 333, 335, 337, 375, 378, 381, 382, 387, 427, 430, 433, 434, 435, 440], "excluded_lines": [], "executed_branches": [], "missing_branches": [[118, 119], [118, 121], [241, 242], [241, 244], [332, 333], [332, 335]], "functions": {"SolutionsAPI._validate_page_size": {"executed_lines": [], "summary": {"covered_lines": 0, "num_statements": 1, "percent_covered": 0.0, "percent_covered_display": "0.0", "missing_lines": 1, "excluded_lines": 0, "num_branches": 0, "num_partial_branches": 0, "covered_branches": 0, "missing_branches": 0}, "missing_lines": [62], "excluded_lines": [], "executed_branches": [], "missing_branches": []}, "SolutionsAPI.list": {"executed_lines": [], "summary": {"covered_lines": 0, "num_statements": 5, "percent_covered": 0.0, "percent_covered_display": "0.0", "missing_lines": 5, "excluded_lines": 0, "num_branches": 2, "num_partial_branches": 0, "covered_branches": 0, "missing_branches": 2}, "missing_lines": [111, 113, 118, 119, 121], "excluded_lines": [], "executed_branches": [], "missing_branches": [[118, 119], [118, 121]]}, "SolutionsAPI.get_solution": {"executed_lines": [], "summary": {"covered_lines": 0, "num_statements": 1, "percent_covered": 0.0, "percent_covered_display": "0.0", "missing_lines": 1, "excluded_lines": 0, "num_branches": 0, "num_partial_branches": 0, "covered_branches": 0, "missing_branches": 0}, "missing_lines": [168], "excluded_lines": [], "executed_branches": [], "missing_branches": []}, "SolutionsAPI.get_prerequisites": {"executed_lines": [], "summary": {"covered_lines": 0, "num_statements": 1, "percent_covered": 0.0, "percent_covered_display": "0.0", "missing_lines": 1, "excluded_lines": 0, "num_branches": 0, "num_partial_branches": 0, "covered_branches": 0, "missing_branches": 0}, "missing_lines": [197], "excluded_lines": [], "executed_branches": [], "missing_branches": []}, "SolutionsAPI.get_superseding_solutions": {"executed_lines": [], "summary": {"covered_lines": 0, "num_statements": 4, "percent_covered": 0.0, "percent_covered_display": "0.0", "missing_lines": 4, "excluded_lines": 0, "num_branches": 2, "num_partial_branches": 0, "covered_branches": 0, "missing_branches": 2}, "missing_lines": [240, 241, 242, 244], "excluded_lines": [], "executed_branches": [], "missing_branches": [[241, 242], [241, 244]]}, "SolutionsAPI.get_superseded_solutions": {"executed_lines": [], "summary": {"covered_lines": 0, "num_statements": 1, "percent_covered": 0.0, "percent_covered_display": "0.0", "missing_lines": 1, "excluded_lines": 0, "num_branches": 0, "num_partial_branches": 0, "covered_branches": 0, "missing_branches": 0}, "missing_lines": [279], "excluded_lines": [], "executed_branches": [], "missing_branches": []}, "SolutionsAPI.get_all_solutions": {"executed_lines": [], "summary": {"covered_lines": 0, "num_statements": 14, "percent_covered": 0.0, "percent_covered_display": "0.0", "missing_lines": 14, "excluded_lines": 0, "num_branches": 2, "num_partial_branches": 0, "covered_branches": 0, "missing_branches": 2}, "missing_lines": [318, 319, 320, 322, 323, 324, 325, 328, 329, 330, 332, 333, 335, 337], "excluded_lines": [], "executed_branches": [], "missing_branches": [[332, 333], [332, 335]]}, "SolutionsAPI.get_by_type": {"executed_lines": [], "summary": {"covered_lines": 0, "num_statements": 5, "percent_covered": 0.0, "percent_covered_display": "0.0", "missing_lines": 5, "excluded_lines": 0, "num_branches": 0, "num_partial_branches": 0, "covered_branches": 0, "missing_branches": 0}, "missing_lines": [375, 378, 381, 382, 387], "excluded_lines": [], "executed_branches": [], "missing_branches": []}, "SolutionsAPI.search_by_applies_to": {"executed_lines": [], "summary": {"covered_lines": 0, "num_statements": 6, "percent_covered": 0.0, "percent_covered_display": "0.0", "missing_lines": 6, "excluded_lines": 0, "num_branches": 0, "num_partial_branches": 0, "covered_branches": 0, "missing_branches": 0}, "missing_lines": [427, 430, 433, 434, 435, 440], "excluded_lines": [], "executed_branches": [], "missing_branches": []}, "": {"executed_lines": [1, 31, 32, 35, 36, 50, 52, 64, 123, 170, 202, 250, 284, 339, 389], "summary": {"covered_lines": 13, "num_statements": 13, "percent_covered": 100.0, "percent_covered_display": "100.0", "missing_lines": 0, "excluded_lines": 0, "num_branches": 0, "num_partial_branches": 0, "covered_branches": 0, "missing_branches": 0}, "missing_lines": [], "excluded_lines": [], "executed_branches": [], "missing_branches": []}}, "classes": {"SolutionsAPI": {"executed_lines": [], "summary": {"covered_lines": 0, "num_statements": 38, "percent_covered": 0.0, "percent_covered_display": "0.0", "missing_lines": 38, "excluded_lines": 0, "num_branches": 6, "num_partial_branches": 0, "covered_branches": 0, "missing_branches": 6}, "missing_lines": [62, 111, 113, 118, 119, 121, 168, 197, 240, 241, 242, 244, 279, 318, 319, 320, 322, 323, 324, 325, 328, 329, 330, 332, 333, 335, 337, 375, 378, 381, 382, 387, 427, 430, 433, 434, 435, 440], "excluded_lines": [], "executed_branches": [], "missing_branches": [[118, 119], [118, 121], [241, 242], [241, 244], [332, 333], [332, 335]]}, "": {"executed_lines": [1, 31, 32, 35, 36, 50, 52, 64, 123, 170, 202, 250, 284, 339, 389], "summary": {"covered_lines": 13, "num_statements": 13, "percent_covered": 100.0, "percent_covered_display": "100.0", "missing_lines": 0, "excluded_lines": 0, "num_branches": 0, "num_partial_branches": 0, "covered_branches": 0, "missing_branches": 0}, "missing_lines": [], "excluded_lines": [], "executed_branches": [], "missing_branches": []}}}, "src/rapid7/api/sonar_queries.py": {"executed_lines": [1, 7, 8, 9, 12, 13, 15, 29, 30, 32, 70, 83, 107, 138, 147, 181], "summary": {"covered_lines": 14, "num_statements": 42, "percent_covered": 26.923076923076923, "percent_covered_display": "26.9", "missing_lines": 28, "excluded_lines": 0, "num_branches": 10, "num_partial_branches": 0, "covered_branches": 0, "missing_branches": 10}, "missing_lines": [59, 64, 65, 67, 68, 80, 81, 100, 101, 102, 104, 105, 126, 128, 129, 130, 131, 132, 133, 135, 136, 145, 173, 178, 179, 210, 219, 220], "excluded_lines": [], "executed_branches": [], "missing_branches": [[64, 65], [64, 67], [101, 102], [101, 104], [128, 129], [128, 130], [130, 131], [130, 132], [132, 133], [132, 135]], "functions": {"SonarQueryAPI.__init__": {"executed_lines": [29, 30], "summary": {"covered_lines": 2, "num_statements": 2, "percent_covered": 100.0, "percent_covered_display": "100.0", "missing_lines": 0, "excluded_lines": 0, "num_branches": 0, "num_partial_branches": 0, "covered_branches": 0, "missing_branches": 0}, "missing_lines": [], "excluded_lines": [], "executed_branches": [], "missing_branches": []}, "SonarQueryAPI.create_sonar_query": {"executed_lines": [], "summary": {"covered_lines": 0, "num_statements": 5, "percent_covered": 0.0, "percent_covered_display": "0.0", "missing_lines": 5, "excluded_lines": 0, "num_branches": 2, "num_partial_branches": 0, "covered_branches": 0, "missing_branches": 2}, "missing_lines": [59, 64, 65, 67, 68], "excluded_lines": [], "executed_branches": [], "missing_branches": [[64, 65], [64, 67]]}, "SonarQueryAPI.get_sonar_query": {"executed_lines": [], "summary": {"covered_lines": 0, "num_statements": 2, "percent_covered": 0.0, "percent_covered_display": "0.0", "missing_lines": 2, "excluded_lines": 0, "num_branches": 0, "num_partial_branches": 0, "covered_branches": 0, "missing_branches": 0}, "missing_lines": [80, 81], "excluded_lines": [], "executed_branches": [], "missing_branches": []}, "SonarQueryAPI.list_sonar_queries": {"executed_lines": [], "summary": {"covered_lines": 0, "num_statements": 5, "percent_covered": 0.0, "percent_covered_display": "0.0", "missing_lines": 5, "excluded_lines": 0, "num_branches": 2, "num_partial_branches": 0, "covered_branches": 0, "missing_branches": 2}, "missing_lines": [100, 101, 102, 104, 105], "excluded_lines": [], "executed_branches": [], "missing_branches": [[101, 102], [101, 104]]}, "SonarQueryAPI.update_sonar_query": {"executed_lines": [], "summary": {"covered_lines": 0, "num_statements": 9, "percent_covered": 0.0, "percent_covered_display": "0.0", "missing_lines": 9, "excluded_lines": 0, "num_branches": 6, "num_partial_branches": 0, "covered_branches": 0, "missing_branches": 6}, "missing_lines": [126, 128, 129, 130, 131, 132, 133, 135, 136], "excluded_lines": [], "executed_branches": [], "missing_branches": [[128, 129], [128, 130], [130, 131], [130, 132], [132, 133], [132, 135]]}, "SonarQueryAPI.delete_sonar_query": {"executed_lines": [], "summary": {"covered_lines": 0, "num_statements": 1, "percent_covered": 0.0, "percent_covered_display": "0.0", "missing_lines": 1, "excluded_lines": 0, "num_branches": 0, "num_partial_branc
[...]
ercent_covered": 0.0, "percent_covered_display": "0.0", "missing_lines": 1, "excluded_lines": 0, "num_branches": 0, "num_partial_branches": 0, "covered_branches": 0, "missing_branches": 0}, "missing_lines": [194], "excluded_lines": [], "executed_branches": [], "missing_branches": []}, "Config.set_preference": {"executed_lines": [], "summary": {"covered_lines": 0, "num_statements": 1, "percent_covered": 0.0, "percent_covered_display": "0.0", "missing_lines": 1, "excluded_lines": 0, "num_branches": 0, "num_partial_branches": 0, "covered_branches": 0, "missing_branches": 0}, "missing_lines": [204], "excluded_lines": [], "executed_branches": [], "missing_branches": []}, "Config.save_state": {"executed_lines": [], "summary": {"covered_lines": 0, "num_statements": 6, "percent_covered": 0.0, "percent_covered_display": "0.0", "missing_lines": 6, "excluded_lines": 0, "num_branches": 0, "num_partial_branches": 0, "covered_branches": 0, "missing_branches": 0}, "missing_lines": [214, 215, 216, 217, 218, 219], "excluded_lines": [], "executed_branches": [], "missing_branches": []}, "Config.load_state": {"executed_lines": [], "summary": {"covered_lines": 0, "num_statements": 8, "percent_covered": 0.0, "percent_covered_display": "0.0", "missing_lines": 8, "excluded_lines": 0, "num_branches": 2, "num_partial_branches": 0, "covered_branches": 0, "missing_branches": 2}, "missing_lines": [231, 232, 233, 234, 235, 236, 237, 238], "excluded_lines": [], "executed_branches": [], "missing_branches": [[232, 233], [232, 238]]}, "Config.clear_state": {"executed_lines": [], "summary": {"covered_lines": 0, "num_statements": 6, "percent_covered": 0.0, "percent_covered_display": "0.0", "missing_lines": 6, "excluded_lines": 0, "num_branches": 2, "num_partial_branches": 0, "covered_branches": 0, "missing_branches": 2}, "missing_lines": [247, 248, 249, 250, 251, 252], "excluded_lines": [], "executed_branches": [], "missing_branches": [[248, -240], [248, 249]]}, "Config.reset": {"executed_lines": [], "summary": {"covered_lines": 0, "num_statements": 2, "percent_covered": 0.0, "percent_covered_display": "0.0", "missing_lines": 2, "excluded_lines": 0, "num_branches": 0, "num_partial_branches": 0, "covered_branches": 0, "missing_branches": 0}, "missing_lines": [256, 257], "excluded_lines": [], "executed_branches": [], "missing_branches": []}, "get_config": {"executed_lines": [], "summary": {"covered_lines": 0, "num_statements": 3, "percent_covered": 0.0, "percent_covered_display": "0.0", "missing_lines": 3, "excluded_lines": 0, "num_branches": 2, "num_partial_branches": 0, "covered_branches": 0, "missing_branches": 2}, "missing_lines": [272, 273, 274], "excluded_lines": [], "executed_branches": [], "missing_branches": [[272, 273], [272, 274]]}, "": {"executed_lines": [], "summary": {"covered_lines": 0, "num_statements": 20, "percent_covered": 0.0, "percent_covered_display": "0.0", "missing_lines": 20, "excluded_lines": 0, "num_branches": 0, "num_partial_branches": 0, "covered_branches": 0, "missing_branches": 0}, "missing_lines": [9, 10, 11, 14, 25, 48, 65, 97, 105, 133, 159, 171, 183, 196, 206, 221, 240, 254, 261, 264], "excluded_lines": [], "executed_branches": [], "missing_branches": []}}, "classes": {"Config": {"executed_lines": [], "summary": {"covered_lines": 0, "num_statements": 64, "percent_covered": 0.0, "percent_covered_display": "0.0", "missing_lines": 64, "excluded_lines": 0, "num_branches": 18, "num_partial_branches": 0, "covered_branches": 0, "missing_branches": 18}, "missing_lines": [33, 34, 36, 38, 39, 42, 43, 46, 55, 56, 57, 58, 59, 60, 61, 63, 72, 99, 100, 101, 102, 103, 122, 123, 125, 126, 127, 129, 131, 147, 148, 151, 152, 153, 154, 157, 169, 179, 180, 181, 194, 204, 214, 215, 216, 217, 218, 219, 231, 232, 233, 234, 235, 236, 237, 238, 247, 248, 249, 250, 251, 252, 256, 257], "excluded_lines": [], "executed_branches": [], "missing_branches": [[33, 34], [33, 36], [55, 56], [55, 63], [125, 126], [125, 131], [126, 127], [126, 129], [151, 152], [151, 157], [152, 153], [152, 154], [179, 180], [179, 181], [232, 233], [232, 238], [248, -240], [248, 249]]}, "": {"executed_lines": [], "summary": {"covered_lines": 0, "num_statements": 23, "percent_covered": 0.0, "percent_covered_display": "0.0", "missing_lines": 23, "excluded_lines": 0, "num_branches": 2, "num_partial_branches": 0, "covered_branches": 0, "missing_branches": 2}, "missing_lines": [9, 10, 11, 14, 25, 48, 65, 97, 105, 133, 159, 171, 183, 196, 206, 221, 240, 254, 261, 264, 272, 273, 274], "excluded_lines": [], "executed_branches": [], "missing_branches": [[272, 273], [272, 274]]}}}, "src/rapid7/constants.py": {"executed_lines": [1, 9, 10, 14, 15, 17, 18, 19, 20, 21, 22, 23, 24, 25, 26, 27, 28, 29, 30, 31, 32, 33, 34, 35, 36, 37, 38, 39, 43, 44, 46, 47, 48, 49, 50, 51, 52, 53, 54, 58, 59], "summary": {"covered_lines": 38, "num_statements": 38, "percent_covered": 100.0, "percent_covered_display": "100.0", "missing_lines": 0, "excluded_lines": 0, "num_branches": 0, "num_partial_branches": 0, "covered_branches": 0, "missing_branches": 0}, "missing_lines": [], "excluded_lines": [], "executed_branches": [], "missing_branches": [], "functions": {"": {"executed_lines": [1, 9, 10, 14, 15, 17, 18, 19, 20, 21, 22, 23, 24, 25, 26, 27, 28, 29, 30, 31, 32, 33, 34, 35, 36, 37, 38, 39, 43, 44, 46, 47, 48, 49, 50, 51, 52, 53, 54, 58, 59], "summary": {"covered_lines": 38, "num_statements": 38, "percent_covered": 100.0, "percent_covered_display": "100.0", "missing_lines": 0, "excluded_lines": 0, "num_branches": 0, "num_partial_branches": 0, "covered_branches": 0, "missing_branches": 0}, "missing_lines": [], "excluded_lines": [], "executed_branches": [], "missing_branches": []}}, "classes": {"Endpoints": {"executed_lines": [], "summary": {"covered_lines": 0, "num_statements": 0, "percent_covered": 100.0, "percent_covered_display": "100.0", "missing_lines": 0, "excluded_lines": 0, "num_branches": 0, "num_partial_branches": 0, "covered_branches": 0, "missing_branches": 0}, "missing_lines": [], "excluded_lines": [], "executed_branches": [], "missing_branches": []}, "StatusCodes": {"executed_lines": [], "summary": {"covered_lines": 0, "num_statements": 0, "percent_covered": 100.0, "percent_covered_display": "100.0", "missing_lines": 0, "excluded_lines": 0, "num_branches": 0, "num_partial_branches": 0, "covered_branches": 0, "missing_branches": 0}, "missing_lines": [], "excluded_lines": [], "executed_branches": [], "missing_branches": []}, "": {"executed_lines": [1, 9, 10, 14, 15, 17, 18, 19, 20, 21, 22, 23, 24, 25, 26, 27, 28, 29, 30, 31, 32, 33, 34, 35, 36, 37, 38, 39, 43, 44, 46, 47, 48, 49, 50, 51, 52, 53, 54, 58, 59], "summary": {"covered_lines": 38, "num_statements": 38, "percent_covered": 100.0, "percent_covered_display": "100.0", "missing_lines": 0, "excluded_lines": 0, "num_branches": 0, "num_partial_branches": 0, "covered_branches": 0, "missing_branches": 0}, "missing_lines": [], "excluded_lines": [], "executed_branches": [], "missing_branches": []}}}, "src/rapid7/ui.py": {"executed_lines": [], "summary": {"covered_lines": 0, "num_statements": 147, "percent_covered": 0.0, "percent_covered_display": "0.0", "missing_lines": 147, "excluded_lines": 0, "num_branches": 56, "num_partial_branches": 0, "covered_branches": 0, "missing_branches": 56}, "missing_lines": [12, 13, 14, 16, 17, 18, 23, 24, 25, 26, 27, 28, 30, 33, 35, 36, 37, 38, 39, 40, 41, 42, 43, 46, 54, 56, 57, 59, 60, 62, 64, 71, 72, 73, 74, 76, 78, 85, 86, 87, 88, 93, 95, 102, 103, 104, 105, 107, 109, 116, 117, 118, 119, 121, 123, 130, 131, 135, 136, 137, 139, 141, 142, 144, 146, 160, 161, 162, 163, 164, 165, 166, 169, 170, 173, 174, 175, 176, 179, 182, 183, 186, 187, 192, 207, 208, 210, 211, 213, 214, 216, 218, 233, 234, 236, 237, 238, 240, 257, 260, 261, 262, 265, 266, 268, 270, 271, 272, 274, 275, 277, 280, 281, 283, 284, 286, 290, 291, 292, 293, 294, 296, 318, 322, 329, 332, 335, 349, 350, 351, 352, 354, 356, 357, 359, 361, 362, 364, 365, 367, 374, 375, 376, 377, 383, 386, 393], "excluded_lines": [], "executed_branches": [], "missing_branches": [[59, 60], [59, 62], [71, 72], [71, 73], [73, 74], [73, 76], [85, 86], [85, 87], [87, 88], [87, 93], [102, 103], [102, 104], [104, 105], [104, 107], [116, 117], [116, 118], [118, 119], [118, 121], [130, 131], [130, 135], [141, 142], [141, 144], [160, 161], [160, 169], [162, 163], [162, 164], [164, 165], [164, 166], [174, 175], [174, 179], [175, 174], [175, 176], [186, -146], [186, 187], [207, 208], [207, 210], [213, 214], [213, 216], [233, 234], [233, 236], [261, 262], [261, 265], [265, 266], [265, 268], [274, 275], [274, 277], [280, 281], [280, 283], [283, 284], [283, 286], [318, 322], [318, 329], [361, 362], [361, 364], [375, 376], [375, 383]], "functions": {"UI.__init__": {"executed_lines": [], "summary": {"covered_lines": 0, "num_statements": 5, "percent_covered": 0.0, "percent_covered_display": "0.0", "missing_lines": 5, "excluded_lines": 0, "num_branches": 2, "num_partial_branches": 0, "covered_branches": 0, "missing_branches": 2}, "missing_lines": [56, 57, 59, 60, 62], "excluded_lines": [], "executed_branches": [], "missing_branches": [[59, 60], [59, 62]]}, "UI.print_success": {"executed_lines": [], "summary": {"covered_lines": 0, "num_statements": 5, "percent_covered": 0.0, "percent_covered_display": "0.0", "missing_lines": 5, "excluded_lines": 0, "num_branches": 4, "num_partial_branches": 0, "covered_branches": 0, "missing_branches": 4}, "missing_lines": [71, 72, 73, 74, 76], "excluded_lines": [], "executed_branches": [], "missing_branches": [[71, 72], [71, 73], [73, 74], [73, 76]]}, "UI.print_error": {"executed_lines": [], "summary": {"covered_lines": 0, "num_statements": 5, "percent_covered": 0.0, "percent_covered_display": "0.0", "missing_lines": 5, "excluded_lines": 0, "num_branches": 4, "num_partial_branches": 0, "covered_branches": 0, "missing_branches": 4}, "missing_lines": [85, 86, 87, 88, 93], "excluded_lines": [], "executed_branches": [], "missing_branches": [[85, 86], [85, 87], [87, 88], [87, 93]]}, "UI.print_warning": {"executed_lines": [], "summary": {"covered_lines": 0, "num_statements": 5, "percent_covered": 0.0, "percent_covered_display": "0.0", "missing_lines": 5, "excluded_lines": 0, "num_branches": 4, "num_partial_branches": 0, "covered_branches": 0, "missing_branches": 4}, "missing_lines": [102, 103, 104, 105, 107], "excluded_lines": [], "executed_branches": [], "missing_branches": [[102, 103], [102, 104], [104, 105], [104, 107]]}, "UI.print_info": {"executed_lines": [], "summary": {"covered_lines": 0, "num_statements": 5, "percent_covered": 0.0, "percent_covered_display": "0.0", "missing_lines": 5, "excluded_lines": 0, "num_branches": 4, "num_partial_branches": 0, "covered_branches": 0, "missing_branches": 4}, "missing_lines": [116, 117, 118, 119, 121], "excluded_lines": [], "executed_branches": [], "missing_branches": [[116, 117], [116, 118], [118, 119], [118, 121]]}, "UI.print_header": {"executed_lines": [], "summary": {"covered_lines": 0, "num_statements": 5, "percent_covered": 0.0, "percent_covered_display": "0.0", "missing_lines": 5, "excluded_lines": 0, "num_branches": 2, "num_partial_branches": 0, "covered_branches": 0, "missing_branches": 2}, "missing_lines": [130, 131, 135, 136, 137], "excluded_lines": [], "executed_branches": [], "missing_branches": [[130, 131], [130, 135]]}, "UI.print_separator": {"executed_lines": [], "summary": {"covered_lines": 0, "num_statements": 3, "percent_covered": 0.0, "percent_covered_display": "0.0", "missing_lines": 3, "excluded_lines": 0, "num_branches": 2, "num_partial_branches": 0, "covered_branches": 0, "missing_branches": 2}, "missing_lines": [141, 142, 144], "excluded_lines": [], "executed_branches": [], "missing_branches": [[141, 142], [141, 144]]}, "UI.print_table": {"executed_lines": [], "summary": {"covered_lines": 0, "num_statements": 18, "percent_covered": 0.0, "percent_covered_display": "0.0", "missing_lines": 18, "excluded_lines": 0, "num_branches": 12, "num_partial_branches": 0, "covered_branches": 0, "missing_branches": 12}, "missing_lines": [160, 161, 162, 163, 164, 165, 166, 169, 170, 173, 174, 175, 176, 179, 182, 183, 186, 187], "excluded_lines": [], "executed_branches": [], "missing_branches": [[160, 161], [160, 169], [162, 163], [162, 164], [164, 165], [164, 166], [174, 175], [174, 179], [175, 174], [175, 176], [186, -146], [186, 187]]}, "UI.confirm": {"executed_lines": [], "summary": {"covered_lines": 0, "num_statements": 7, "percent_covered": 0.0, "percent_covered_display": "0.0", "missing_lines": 7, "excluded_lines": 0, "num_branches": 4, "num_partial_branches": 0, "covered_branches": 0, "missing_branches": 4}, "missing_lines": [207, 208, 210, 211, 213, 214, 216], "excluded_lines": [], "executed_branches": [], "missing_branches": [[207, 208], [207, 210], [213, 214], [213, 216]]}, "UI.prompt": {"executed_lines": [], "summary": {"covered_lines": 0, "num_statements": 5, "percent_covered": 0.0, "percent_covered_display": "0.0", "missing_lines": 5, "excluded_lines": 0, "num_branches": 2, "num_partial_branches": 0, "covered_branches": 0, "missing_branches": 2}, "missing_lines": [233, 234, 236, 237, 238], "excluded_lines": [], "executed_branches": [], "missing_branches": [[233, 234], [233, 236]]}, "UI.select_menu": {"executed_lines": [], "summary": {"covered_lines": 0, "num_statements": 23, "percent_covered": 0.0, "percent_covered_display": "0.0", "missing_lines": 23, "excluded_lines": 0, "num_branches": 10, "num_partial_branches": 0, "covered_branches": 0, "missing_branches": 10}, "missing_lines": [257, 260, 261, 262, 265, 266, 268, 270, 271, 272, 274, 275, 277, 280, 281, 283, 284, 286, 290, 291, 292, 293, 294], "excluded_lines": [], "executed_branches": [], "missing_branches": [[261, 262], [261, 265], [265, 266], [265, 268], [274, 275], [274, 277], [280, 281], [280, 283], [283, 284], [283, 286]]}, "UI.progress_bar": {"executed_lines": [], "summary": {"covered_lines": 0, "num_statements": 3, "percent_covered": 0.0, "percent_covered_display": "0.0", "missing_lines": 3, "excluded_lines": 0, "num_branches": 2, "num_partial_branches": 0, "covered_branches": 0, "missing_branches": 2}, "missing_lines": [318, 322, 329], "excluded_lines": [], "executed_branches": [], "missing_branches": [[318, 322], [318, 329]]}, "SimpleProgressBar.__init__": {"executed_lines": [], "summary": {"covered_lines": 0, "num_statements": 4, "percent_covered": 0.0, "percent_covered_display": "0.0", "missing_lines": 4, "excluded_lines": 0, "num_branches": 0, "num_partial_branches": 0, "covered_branches": 0, "missing_branches": 0}, "missing_lines": [349, 350, 351, 352], "excluded_lines": [], "executed_branches": [], "missing_branches": []}, "SimpleProgressBar.__enter__": {"executed_lines": [], "summary": {"covered_lines": 0, "num_statements": 2, "percent_covered": 0.0, "percent_covered_display": "0.0", "missing_lines": 2, "excluded_lines": 0, "num_branches": 0, "num_partial_branches": 0, "covered_branches": 0, "missing_branches": 0}, "missing_lines": [356, 357], "excluded_lines": [], "executed_branches": [], "missing_branches": []}, "SimpleProgressBar.__exit__": {"executed_lines": [], "summary": {"covered_lines": 0, "num_statements": 4, "percent_covered": 0.0, "percent_covered_display": "0.0", "missing_lines": 4, "excluded_lines": 0, "num_branches": 2, "num_partial_branches": 0, "covered_branches": 0, "missing_branches": 2}, "missing_lines": [361, 362, 364, 365], "excluded_lines": [], "executed_branches": [], "missing_branches": [[361, 362], [361, 364]]}, "SimpleProgressBar.update": {"executed_lines": [], "summary": {"covered_lines": 0, "num_statements": 5, "percent_covered": 0.0, "percent_covered_display": "0.0", "missing_lines": 5, "excluded_lines": 0, "num_branches": 2, "num_partial_branches": 0, "covered_branches": 0, "missing_branches": 2}, "missing_lines": [374, 375, 376, 377, 383], "excluded_lines": [], "executed_branches": [], "missing_branches": [[375, 376], [375, 383]]}, "create_ui": {"executed_lines": [], "summary": {"covered_lines": 0, "num_statements": 1, "percent_covered": 0.0, "percent_covered_display": "0.0", "missing_lines": 1, "excluded_lines": 0, "num_branches": 0, "num_partial_branches": 0, "covered_branches": 0, "missing_branches": 0}, "missing_lines": [393], "excluded_lines": [], "executed_branches": [], "missing_branches": []}, "": {"executed_lines": [], "summary": {"covered_lines": 0, "num_statements": 42, "percent_covered": 0.0, "percent_covered_display": "0.0", "missing_lines": 42, "excluded_lines": 0, "num_branches": 0, "num_partial_branches": 0, "covered_branches": 0, "missing_branches": 0}, "missing_lines": [12, 13, 14, 16, 17, 18, 23, 24, 25, 26, 27, 28, 30, 33, 35, 36, 37, 38, 39, 40, 41, 42, 43, 46, 54, 64, 78, 95, 109, 123, 139, 146, 192, 218, 240, 296, 332, 335, 354, 359, 367, 386], "excluded_lines": [], "executed_branches": [], "missing_branches": []}}, "classes": {"Color": {"executed_lines": [], "summary": {"covered_lines": 0, "num_statements": 0, "percent_covered": 100.0, "percent_covered_display": "100.0", "missing_lines": 0, "excluded_lines": 0, "num_branches": 0, "num_partial_branches": 0, "covered_branches": 0, "missing_branches": 0}, "missing_lines": [], "excluded_lines": [], "executed_branches": [], "missing_branches": []}, "UI": {"executed_lines": [], "summary": {"covered_lines": 0, "num_statements": 89, "percent_covered": 0.0, "percent_covered_display": "0.0", "missing_lines": 89, "excluded_lines": 0, "num_branches": 52, "num_partial_branches": 0, "covered_branches": 0, "missing_branches": 52}, "missing_lines": [56, 57, 59, 60, 62, 71, 72, 73, 74, 76, 85, 86, 87, 88, 93, 102, 103, 104, 105, 107, 116, 117, 118, 119, 121, 130, 131, 135, 136, 137, 141, 142, 144, 160, 161, 162, 163, 164, 165, 166, 169, 170, 173, 174, 175, 176, 179, 182, 183, 186, 187, 207, 208, 210, 211, 213, 214, 216, 233, 234, 236, 237, 238, 257, 260, 261, 262, 265, 266, 268, 270, 271, 272, 274, 275, 277, 280, 281, 283, 284, 286, 290, 291, 292, 293, 294, 318, 322, 329], "excluded_lines": [], "executed_branches": [], "missing_branches": [[59, 60], [59, 62], [71, 72], [71, 73], [73, 74], [73, 76], [85, 86], [85, 87], [87, 88], [87, 93], [102, 103], [102, 104], [104, 105], [104, 107], [116, 117], [116, 118], [118, 119], [118, 121], [130, 131], [130, 135], [141, 142], [141, 144], [160, 161], [160, 169], [162, 163], [162, 164], [164, 165], [164, 166], [174, 175], [174, 179], [175, 174], [175, 176], [186, -146], [186, 187], [207, 208], [207, 210], [213, 214], [213, 216], [233, 234], [233, 236], [261, 262], [261, 265], [265, 266], [265, 268], [274, 275], [274, 277], [280, 281], [280, 283], [283, 284], [283, 286], [318, 322], [318, 329]]}, "SimpleProgressBar": {"executed_lines": [], "summary": {"covered_lines": 0, "num_statements": 15, "percent_covered": 0.0, "percent_covered_display": "0.0", "missing_lines": 15, "excluded_lines": 0, "num_branches": 4, "num_partial_branches": 0, "covered_branches": 0, "missing_branches": 4}, "missing_lines": [349, 350, 351, 352, 356, 357, 361, 362, 364, 365, 374, 375, 376, 377, 383], "excluded_lines": [], "executed_branches": [], "missing_branches": [[361, 362], [361, 364], [375, 376], [375, 383]]}, "": {"executed_lines": [], "summary": {"covered_lines": 0, "num_statements": 43, "percent_covered": 0.0, "percent_covered_display": "0.0", "missing_lines": 43, "excluded_lines": 0, "num_branches": 0, "num_partial_branches": 0, "covered_branches": 0, "missing_branches": 0}, "missing_lines": [12, 13, 14, 16, 17, 18, 23, 24, 25, 26, 27, 28, 30, 33, 35, 36, 37, 38, 39, 40, 41, 42, 43, 46, 54, 64, 78, 95, 109, 123, 139, 146, 192, 218, 240, 296, 332, 335, 354, 359, 367, 386, 393], "excluded_lines": [], "executed_branches": [], "missing_branches": []}}}}, "totals": {"covered_lines": 414, "num_statements": 1204, "percent_covered": 29.71506105834464, "percent_covered_display": "29.7", "missing_lines": 790, "excluded_lines": 6, "num_branches": 270, "num_partial_branches": 6, "covered_branches": 24, "missing_branches": 246}}